Public resources found in...
Translatable source found in...
Found 0 cached/archived units.  Used 0 / 2719 units from cache.
Compiling...
   30% complete (ETR: 9 seconds)
   30% complete (ETR: 9 seconds)
   30% complete (ETR: 9 seconds)
   30% complete (ETR: 9 seconds)
   40% complete (ETR: 8 seconds)
   50% complete (ETR: 6 seconds)
   60% complete (ETR: 5 seconds)
   70% complete (ETR: 4 seconds)
   80% complete (ETR: 2 seconds)
   90% complete (ETR: 1 seconds)
   100% complete (ETR: 0 seconds)
   Compilation completed in 13.08 seconds
Removing invalidated units
Finding entry point classes
Public resources found in...
Translatable source found in...
Found 2719 cached/archived units.  Used 2719 / 2719 units from cache.
Compiling...
   Compilation completed in 0.00 seconds
Removing invalidated units
Finding entry point classes
Public resources found in...
Translatable source found in...
Found 2719 cached/archived units.  Used 2719 / 2719 units from cache.
Compiling...
   Compilation completed in 0.00 seconds
Removing invalidated units
Finding entry point classes
Public resources found in...
Translatable source found in...
Found 0 cached/archived units.  Used 0 / 2719 units from cache.
Compiling...
   20% complete (ETR: 15 seconds)
   20% complete (ETR: 15 seconds)
   20% complete (ETR: 15 seconds)
   30% complete (ETR: 13 seconds)
   40% complete (ETR: 10 seconds)
   50% complete (ETR: 7 seconds)
   60% complete (ETR: 5 seconds)
   70% complete (ETR: 3 seconds)
   80% complete (ETR: 2 seconds)
   90% complete (ETR: 1 seconds)
   100% complete (ETR: 0 seconds)
   Compilation completed in 15.69 seconds
Removing invalidated units
Finding entry point classes
Public resources found in...
Translatable source found in...
Found 2719 cached/archived units.  Used 2719 / 2719 units from cache.
Compiling...
   Compilation completed in 0.00 seconds
Removing invalidated units
Finding entry point classes
Public resources found in...
Translatable source found in...
Found 2719 cached/archived units.  Used 2719 / 2719 units from cache.
Compiling...
   Compilation completed in 0.00 seconds
Removing invalidated units
Finding entry point classes
Public resources found in...
Translatable source found in...
Found 0 cached/archived units.  Used 0 / 2719 units from cache.
Compiling...
   30% complete (ETR: 10 seconds)
   30% complete (ETR: 10 seconds)
   30% complete (ETR: 10 seconds)
   30% complete (ETR: 10 seconds)
   40% complete (ETR: 9 seconds)
   50% complete (ETR: 7 seconds)
   60% complete (ETR: 5 seconds)
   70% complete (ETR: 3 seconds)
   80% complete (ETR: 2 seconds)
   90% complete (ETR: 1 seconds)
   100% complete (ETR: 0 seconds)
   Compilation completed in 14.15 seconds
Removing invalidated units
Finding entry point classes
Public resources found in...
Translatable source found in...
Found 2719 cached/archived units.  Used 2719 / 2719 units from cache.
Compiling...
   Compilation completed in 0.00 seconds
Removing invalidated units
Finding entry point classes
Public resources found in...
Translatable source found in...
Found 2719 cached/archived units.  Used 2719 / 2719 units from cache.
Compiling...
   Compilation completed in 0.00 seconds
Removing invalidated units
Finding entry point classes
Public resources found in...
   [WARN] Error processing classpath URL 'file:/C:/Program Files (x86)/eclipseC++/plugins/com.google.gdt.eclipse.designer.hosted.2_2_3.1.2.r43x201307151442/gwt-dev-designtime.jar'
java.net.URISyntaxException: Illegal character in path at index 16: file:/C:/Program Files (x86)/eclipseC++/plugins/com.google.gdt.eclipse.designer.hosted.2_2_3.1.2.r43x201307151442/gwt-dev-designtime.jar
	at java.net.URI$Parser.fail(Unknown Source)
	at java.net.URI$Parser.checkChars(Unknown Source)
	at java.net.URI$Parser.parseHierarchical(Unknown Source)
	at java.net.URI$Parser.parse(Unknown Source)
	at java.net.URI.<init>(Unknown Source)
	at java.net.URL.toURI(Unknown Source)
	at com.google.gwt.dev.resource.impl.ResourceOracleImpl.addAllClassPathEntries(ResourceOracleImpl.java:323)
	at com.google.gwt.dev.resource.impl.ResourceOracleImpl.getAllClassPathEntries(ResourceOracleImpl.java:358)
	at com.google.gwt.dev.resource.impl.ResourceOracleImpl.<init>(ResourceOracleImpl.java:402)
	at com.google.gwt.dev.cfg.ModuleDef.normalize(ModuleDef.java:545)
	at com.google.gwt.dev.cfg.ModuleDefLoader.doLoadModule(ModuleDefLoader.java:199)
	at com.google.gwt.dev.cfg.ModuleDefLoader.loadFromResources(ModuleDefLoader.java:169)
	at com.google.gwt.dev.cfg.ModuleDefLoader.loadFromClassPath(ModuleDefLoader.java:141)
	at com.google.gwt.dev.shell.designtime.HostedModeSupportImpl.loadModule(HostedModeSupportImpl.java:85)
	at com.google.gwt.dev.shell.designtime.HostedModeSupportImpl.createModuleSpaceHost(HostedModeSupportImpl.java:64)
	at sun.reflect.NativeMethodAccessorImpl.invoke0(Native Method)
	at sun.reflect.NativeMethodAccessorImpl.invoke(Unknown Source)
	at sun.reflect.DelegatingMethodAccessorImpl.invoke(Unknown Source)
	at java.lang.reflect.Method.invoke(Unknown Source)
	at org.eclipse.wb.internal.core.utils.reflect.ReflectionUtils.invokeMethod(ReflectionUtils.java:869)
	at com.google.gdt.eclipse.designer.hosted.tdt.HostedModeSupport.createModuleSpaceHost(HostedModeSupport.java:447)
	at sun.reflect.NativeMethodAccessorImpl.invoke0(Native Method)
	at sun.reflect.NativeMethodAccessorImpl.invoke(Unknown Source)
	at sun.reflect.DelegatingMethodAccessorImpl.invoke(Unknown Source)
	at java.lang.reflect.Method.invoke(Unknown Source)
	at org.eclipse.wb.internal.core.utils.reflect.ReflectionUtils.invokeMethod(ReflectionUtils.java:869)
	at com.google.gdt.eclipse.designer.WarmUpSupport.warmUpHostedMode(WarmUpSupport.java:125)
	at com.google.gdt.eclipse.designer.WarmUpSupport.warmUpHostedMode(WarmUpSupport.java:103)
	at com.google.gdt.eclipse.designer.WarmUpSupport.doWarmUp(WarmUpSupport.java:84)
	at com.google.gdt.eclipse.designer.Activator.earlyStartup(Activator.java:190)
	at org.eclipse.ui.internal.EarlyStartupRunnable.runEarlyStartup(EarlyStartupRunnable.java:87)
	at org.eclipse.ui.internal.EarlyStartupRunnable.run(EarlyStartupRunnable.java:73)
	at org.eclipse.core.runtime.SafeRunner.run(SafeRunner.java:42)
	at org.eclipse.ui.internal.Workbench$55.run(Workbench.java:2551)
	at org.eclipse.core.internal.jobs.Worker.run(Worker.java:53)
Translatable source found in...
Found 0 cached/archived units.  Used 0 / 2719 units from cache.
Compiling...
   10% complete (ETR: 31 seconds)
   10% complete (ETR: 31 seconds)
   20% complete (ETR: 26 seconds)
   30% complete (ETR: 22 seconds)
   40% complete (ETR: 17 seconds)
   50% complete (ETR: 13 seconds)
   60% complete (ETR: 9 seconds)
   70% complete (ETR: 6 seconds)
   80% complete (ETR: 4 seconds)
   90% complete (ETR: 2 seconds)
   100% complete (ETR: 0 seconds)
   Compilation completed in 26.00 seconds
Removing invalidated units
Finding entry point classes
Public resources found in...
   [WARN] Error processing classpath URL 'file:/C:/Program Files (x86)/eclipseC++/plugins/com.google.gdt.eclipse.designer.hosted.2_2_3.1.2.r43x201307151442/gwt-dev-designtime.jar'
java.net.URISyntaxException: Illegal character in path at index 16: file:/C:/Program Files (x86)/eclipseC++/plugins/com.google.gdt.eclipse.designer.hosted.2_2_3.1.2.r43x201307151442/gwt-dev-designtime.jar
	at java.net.URI$Parser.fail(Unknown Source)
	at java.net.URI$Parser.checkChars(Unknown Source)
	at java.net.URI$Parser.parseHierarchical(Unknown Source)
	at java.net.URI$Parser.parse(Unknown Source)
	at java.net.URI.<init>(Unknown Source)
	at java.net.URL.toURI(Unknown Source)
	at com.google.gwt.dev.resource.impl.ResourceOracleImpl.addAllClassPathEntries(ResourceOracleImpl.java:323)
	at com.google.gwt.dev.resource.impl.ResourceOracleImpl.getAllClassPathEntries(ResourceOracleImpl.java:358)
	at com.google.gwt.dev.resource.impl.ResourceOracleImpl.<init>(ResourceOracleImpl.java:402)
	at com.google.gwt.dev.cfg.ModuleDef.normalize(ModuleDef.java:545)
	at com.google.gwt.dev.cfg.ModuleDefLoader.doLoadModule(ModuleDefLoader.java:199)
	at com.google.gwt.dev.cfg.ModuleDefLoader.loadFromResources(ModuleDefLoader.java:169)
	at com.google.gwt.dev.cfg.ModuleDefLoader.loadFromClassPath(ModuleDefLoader.java:141)
	at com.google.gwt.dev.shell.designtime.HostedModeSupportImpl.loadModule(HostedModeSupportImpl.java:85)
	at com.google.gwt.dev.shell.designtime.HostedModeSupportImpl.createModuleSpaceHost(HostedModeSupportImpl.java:64)
	at sun.reflect.NativeMethodAccessorImpl.invoke0(Native Method)
	at sun.reflect.NativeMethodAccessorImpl.invoke(Unknown Source)
	at sun.reflect.DelegatingMethodAccessorImpl.invoke(Unknown Source)
	at java.lang.reflect.Method.invoke(Unknown Source)
	at org.eclipse.wb.internal.core.utils.reflect.ReflectionUtils.invokeMethod(ReflectionUtils.java:869)
	at com.google.gdt.eclipse.designer.hosted.tdt.HostedModeSupport.createModuleSpaceHost(HostedModeSupport.java:447)
	at sun.reflect.NativeMethodAccessorImpl.invoke0(Native Method)
	at sun.reflect.NativeMethodAccessorImpl.invoke(Unknown Source)
	at sun.reflect.DelegatingMethodAccessorImpl.invoke(Unknown Source)
	at java.lang.reflect.Method.invoke(Unknown Source)
	at org.eclipse.wb.internal.core.utils.reflect.ReflectionUtils.invokeMethod(ReflectionUtils.java:869)
	at com.google.gdt.eclipse.designer.WarmUpSupport.warmUpHostedMode(WarmUpSupport.java:125)
	at com.google.gdt.eclipse.designer.WarmUpSupport.warmUpHostedMode(WarmUpSupport.java:104)
	at com.google.gdt.eclipse.designer.WarmUpSupport.doWarmUp(WarmUpSupport.java:84)
	at com.google.gdt.eclipse.designer.Activator.earlyStartup(Activator.java:190)
	at org.eclipse.ui.internal.EarlyStartupRunnable.runEarlyStartup(EarlyStartupRunnable.java:87)
	at org.eclipse.ui.internal.EarlyStartupRunnable.run(EarlyStartupRunnable.java:73)
	at org.eclipse.core.runtime.SafeRunner.run(SafeRunner.java:42)
	at org.eclipse.ui.internal.Workbench$55.run(Workbench.java:2551)
	at org.eclipse.core.internal.jobs.Worker.run(Worker.java:53)
Translatable source found in...
Found 2719 cached/archived units.  Used 2719 / 2719 units from cache.
Compiling...
   Compilation completed in 0.00 seconds
Removing invalidated units
Finding entry point classes
Public resources found in...
   [WARN] Error processing classpath URL 'file:/C:/Program Files (x86)/eclipseC++/plugins/com.google.gdt.eclipse.designer.hosted.2_2_3.1.2.r43x201307151442/gwt-dev-designtime.jar'
java.net.URISyntaxException: Illegal character in path at index 16: file:/C:/Program Files (x86)/eclipseC++/plugins/com.google.gdt.eclipse.designer.hosted.2_2_3.1.2.r43x201307151442/gwt-dev-designtime.jar
	at java.net.URI$Parser.fail(Unknown Source)
	at java.net.URI$Parser.checkChars(Unknown Source)
	at java.net.URI$Parser.parseHierarchical(Unknown Source)
	at java.net.URI$Parser.parse(Unknown Source)
	at java.net.URI.<init>(Unknown Source)
	at java.net.URL.toURI(Unknown Source)
	at com.google.gwt.dev.resource.impl.ResourceOracleImpl.addAllClassPathEntries(ResourceOracleImpl.java:323)
	at com.google.gwt.dev.resource.impl.ResourceOracleImpl.getAllClassPathEntries(ResourceOracleImpl.java:358)
	at com.google.gwt.dev.resource.impl.ResourceOracleImpl.<init>(ResourceOracleImpl.java:402)
	at com.google.gwt.dev.cfg.ModuleDef.normalize(ModuleDef.java:545)
	at com.google.gwt.dev.cfg.ModuleDefLoader.doLoadModule(ModuleDefLoader.java:199)
	at com.google.gwt.dev.cfg.ModuleDefLoader.loadFromResources(ModuleDefLoader.java:169)
	at com.google.gwt.dev.cfg.ModuleDefLoader.loadFromClassPath(ModuleDefLoader.java:141)
	at com.google.gwt.dev.shell.designtime.HostedModeSupportImpl.loadModule(HostedModeSupportImpl.java:85)
	at com.google.gwt.dev.shell.designtime.HostedModeSupportImpl.createModuleSpaceHost(HostedModeSupportImpl.java:64)
	at sun.reflect.NativeMethodAccessorImpl.invoke0(Native Method)
	at sun.reflect.NativeMethodAccessorImpl.invoke(Unknown Source)
	at sun.reflect.DelegatingMethodAccessorImpl.invoke(Unknown Source)
	at java.lang.reflect.Method.invoke(Unknown Source)
	at org.eclipse.wb.internal.core.utils.reflect.ReflectionUtils.invokeMethod(ReflectionUtils.java:869)
	at com.google.gdt.eclipse.designer.hosted.tdt.HostedModeSupport.createModuleSpaceHost(HostedModeSupport.java:447)
	at sun.reflect.NativeMethodAccessorImpl.invoke0(Native Method)
	at sun.reflect.NativeMethodAccessorImpl.invoke(Unknown Source)
	at sun.reflect.DelegatingMethodAccessorImpl.invoke(Unknown Source)
	at java.lang.reflect.Method.invoke(Unknown Source)
	at org.eclipse.wb.internal.core.utils.reflect.ReflectionUtils.invokeMethod(ReflectionUtils.java:869)
	at com.google.gdt.eclipse.designer.WarmUpSupport.warmUpHostedMode(WarmUpSupport.java:125)
	at com.google.gdt.eclipse.designer.WarmUpSupport.warmUpHostedMode(WarmUpSupport.java:105)
	at com.google.gdt.eclipse.designer.WarmUpSupport.doWarmUp(WarmUpSupport.java:84)
	at com.google.gdt.eclipse.designer.Activator.earlyStartup(Activator.java:190)
	at org.eclipse.ui.internal.EarlyStartupRunnable.runEarlyStartup(EarlyStartupRunnable.java:87)
	at org.eclipse.ui.internal.EarlyStartupRunnable.run(EarlyStartupRunnable.java:73)
	at org.eclipse.core.runtime.SafeRunner.run(SafeRunner.java:42)
	at org.eclipse.ui.internal.Workbench$55.run(Workbench.java:2551)
	at org.eclipse.core.internal.jobs.Worker.run(Worker.java:53)
Translatable source found in...
Found 2719 cached/archived units.  Used 2719 / 2719 units from cache.
Compiling...
   Compilation completed in 0.00 seconds
Removing invalidated units
Finding entry point classes
Public resources found in...
Translatable source found in...
Found 0 cached/archived units.  Used 0 / 2719 units from cache.
Compiling...
   20% complete (ETR: 16 seconds)
   20% complete (ETR: 16 seconds)
   20% complete (ETR: 16 seconds)
   30% complete (ETR: 13 seconds)
   40% complete (ETR: 10 seconds)
   50% complete (ETR: 8 seconds)
   60% complete (ETR: 5 seconds)
   70% complete (ETR: 4 seconds)
   80% complete (ETR: 2 seconds)
   90% complete (ETR: 1 seconds)
   100% complete (ETR: 0 seconds)
   Compilation completed in 24.21 seconds
Removing invalidated units
Finding entry point classes
Public resources found in...
Translatable source found in...
Found 2719 cached/archived units.  Used 2719 / 2719 units from cache.
Compiling...
   Compilation completed in 0.00 seconds
Removing invalidated units
Finding entry point classes
Public resources found in...
Translatable source found in...
Found 2719 cached/archived units.  Used 2719 / 2719 units from cache.
Compiling...
   Compilation completed in 0.00 seconds
Removing invalidated units
Finding entry point classes
Public resources found in...
   [WARN] Error processing classpath URL 'file:/C:/Program Files (x86)/eclipseC++/plugins/com.google.gdt.eclipse.designer.hosted.2_2_3.1.2.r43x201307151442/gwt-dev-designtime.jar'
java.net.URISyntaxException: Illegal character in path at index 16: file:/C:/Program Files (x86)/eclipseC++/plugins/com.google.gdt.eclipse.designer.hosted.2_2_3.1.2.r43x201307151442/gwt-dev-designtime.jar
	at java.net.URI$Parser.fail(Unknown Source)
	at java.net.URI$Parser.checkChars(Unknown Source)
	at java.net.URI$Parser.parseHierarchical(Unknown Source)
	at java.net.URI$Parser.parse(Unknown Source)
	at java.net.URI.<init>(Unknown Source)
	at java.net.URL.toURI(Unknown Source)
	at com.google.gwt.dev.resource.impl.ResourceOracleImpl.addAllClassPathEntries(ResourceOracleImpl.java:323)
	at com.google.gwt.dev.resource.impl.ResourceOracleImpl.getAllClassPathEntries(ResourceOracleImpl.java:358)
	at com.google.gwt.dev.resource.impl.ResourceOracleImpl.<init>(ResourceOracleImpl.java:402)
	at com.google.gwt.dev.cfg.ModuleDef.normalize(ModuleDef.java:545)
	at com.google.gwt.dev.cfg.ModuleDefLoader.doLoadModule(ModuleDefLoader.java:199)
	at com.google.gwt.dev.cfg.ModuleDefLoader.loadFromResources(ModuleDefLoader.java:169)
	at com.google.gwt.dev.cfg.ModuleDefLoader.loadFromClassPath(ModuleDefLoader.java:141)
	at com.google.gwt.dev.shell.designtime.HostedModeSupportImpl.loadModule(HostedModeSupportImpl.java:85)
	at com.google.gwt.dev.shell.designtime.HostedModeSupportImpl.createModuleSpaceHost(HostedModeSupportImpl.java:64)
	at sun.reflect.NativeMethodAccessorImpl.invoke0(Native Method)
	at sun.reflect.NativeMethodAccessorImpl.invoke(Unknown Source)
	at sun.reflect.DelegatingMethodAccessorImpl.invoke(Unknown Source)
	at java.lang.reflect.Method.invoke(Unknown Source)
	at org.eclipse.wb.internal.core.utils.reflect.ReflectionUtils.invokeMethod(ReflectionUtils.java:869)
	at com.google.gdt.eclipse.designer.hosted.tdt.HostedModeSupport.createModuleSpaceHost(HostedModeSupport.java:447)
	at sun.reflect.NativeMethodAccessorImpl.invoke0(Native Method)
	at sun.reflect.NativeMethodAccessorImpl.invoke(Unknown Source)
	at sun.reflect.DelegatingMethodAccessorImpl.invoke(Unknown Source)
	at java.lang.reflect.Method.invoke(Unknown Source)
	at org.eclipse.wb.internal.core.utils.reflect.ReflectionUtils.invokeMethod(ReflectionUtils.java:869)
	at com.google.gdt.eclipse.designer.WarmUpSupport.warmUpHostedMode(WarmUpSupport.java:125)
	at com.google.gdt.eclipse.designer.WarmUpSupport.warmUpHostedMode(WarmUpSupport.java:103)
	at com.google.gdt.eclipse.designer.WarmUpSupport.doWarmUp(WarmUpSupport.java:84)
	at com.google.gdt.eclipse.designer.Activator.earlyStartup(Activator.java:190)
	at org.eclipse.ui.internal.EarlyStartupRunnable.runEarlyStartup(EarlyStartupRunnable.java:87)
	at org.eclipse.ui.internal.EarlyStartupRunnable.run(EarlyStartupRunnable.java:73)
	at org.eclipse.core.runtime.SafeRunner.run(SafeRunner.java:42)
	at org.eclipse.ui.internal.Workbench$55.run(Workbench.java:2551)
	at org.eclipse.core.internal.jobs.Worker.run(Worker.java:53)
Translatable source found in...
Found 0 cached/archived units.  Used 0 / 2719 units from cache.
Compiling...
   10% complete (ETR: 25 seconds)
   10% complete (ETR: 24 seconds)
   20% complete (ETR: 23 seconds)
   30% complete (ETR: 19 seconds)
   40% complete (ETR: 15 seconds)
   50% complete (ETR: 11 seconds)
   60% complete (ETR: 8 seconds)
   70% complete (ETR: 5 seconds)
   80% complete (ETR: 3 seconds)
   90% complete (ETR: 2 seconds)
   100% complete (ETR: 0 seconds)
   Compilation completed in 19.92 seconds
Removing invalidated units
Finding entry point classes
Public resources found in...
   [WARN] Error processing classpath URL 'file:/C:/Program Files (x86)/eclipseC++/plugins/com.google.gdt.eclipse.designer.hosted.2_2_3.1.2.r43x201307151442/gwt-dev-designtime.jar'
java.net.URISyntaxException: Illegal character in path at index 16: file:/C:/Program Files (x86)/eclipseC++/plugins/com.google.gdt.eclipse.designer.hosted.2_2_3.1.2.r43x201307151442/gwt-dev-designtime.jar
	at java.net.URI$Parser.fail(Unknown Source)
	at java.net.URI$Parser.checkChars(Unknown Source)
	at java.net.URI$Parser.parseHierarchical(Unknown Source)
	at java.net.URI$Parser.parse(Unknown Source)
	at java.net.URI.<init>(Unknown Source)
	at java.net.URL.toURI(Unknown Source)
	at com.google.gwt.dev.resource.impl.ResourceOracleImpl.addAllClassPathEntries(ResourceOracleImpl.java:323)
	at com.google.gwt.dev.resource.impl.ResourceOracleImpl.getAllClassPathEntries(ResourceOracleImpl.java:358)
	at com.google.gwt.dev.resource.impl.ResourceOracleImpl.<init>(ResourceOracleImpl.java:402)
	at com.google.gwt.dev.cfg.ModuleDef.normalize(ModuleDef.java:545)
	at com.google.gwt.dev.cfg.ModuleDefLoader.doLoadModule(ModuleDefLoader.java:199)
	at com.google.gwt.dev.cfg.ModuleDefLoader.loadFromResources(ModuleDefLoader.java:169)
	at com.google.gwt.dev.cfg.ModuleDefLoader.loadFromClassPath(ModuleDefLoader.java:141)
	at com.google.gwt.dev.shell.designtime.HostedModeSupportImpl.loadModule(HostedModeSupportImpl.java:85)
	at com.google.gwt.dev.shell.designtime.HostedModeSupportImpl.createModuleSpaceHost(HostedModeSupportImpl.java:64)
	at sun.reflect.NativeMethodAccessorImpl.invoke0(Native Method)
	at sun.reflect.NativeMethodAccessorImpl.invoke(Unknown Source)
	at sun.reflect.DelegatingMethodAccessorImpl.invoke(Unknown Source)
	at java.lang.reflect.Method.invoke(Unknown Source)
	at org.eclipse.wb.internal.core.utils.reflect.ReflectionUtils.invokeMethod(ReflectionUtils.java:869)
	at com.google.gdt.eclipse.designer.hosted.tdt.HostedModeSupport.createModuleSpaceHost(HostedModeSupport.java:447)
	at sun.reflect.NativeMethodAccessorImpl.invoke0(Native Method)
	at sun.reflect.NativeMethodAccessorImpl.invoke(Unknown Source)
	at sun.reflect.DelegatingMethodAccessorImpl.invoke(Unknown Source)
	at java.lang.reflect.Method.invoke(Unknown Source)
	at org.eclipse.wb.internal.core.utils.reflect.ReflectionUtils.invokeMethod(ReflectionUtils.java:869)
	at com.google.gdt.eclipse.designer.WarmUpSupport.warmUpHostedMode(WarmUpSupport.java:125)
	at com.google.gdt.eclipse.designer.WarmUpSupport.warmUpHostedMode(WarmUpSupport.java:104)
	at com.google.gdt.eclipse.designer.WarmUpSupport.doWarmUp(WarmUpSupport.java:84)
	at com.google.gdt.eclipse.designer.Activator.earlyStartup(Activator.java:190)
	at org.eclipse.ui.internal.EarlyStartupRunnable.runEarlyStartup(EarlyStartupRunnable.java:87)
	at org.eclipse.ui.internal.EarlyStartupRunnable.run(EarlyStartupRunnable.java:73)
	at org.eclipse.core.runtime.SafeRunner.run(SafeRunner.java:42)
	at org.eclipse.ui.internal.Workbench$55.run(Workbench.java:2551)
	at org.eclipse.core.internal.jobs.Worker.run(Worker.java:53)
Translatable source found in...
Found 2719 cached/archived units.  Used 2719 / 2719 units from cache.
Compiling...
   Compilation completed in 0.00 seconds
Removing invalidated units
Finding entry point classes
Public resources found in...
   [WARN] Error processing classpath URL 'file:/C:/Program Files (x86)/eclipseC++/plugins/com.google.gdt.eclipse.designer.hosted.2_2_3.1.2.r43x201307151442/gwt-dev-designtime.jar'
java.net.URISyntaxException: Illegal character in path at index 16: file:/C:/Program Files (x86)/eclipseC++/plugins/com.google.gdt.eclipse.designer.hosted.2_2_3.1.2.r43x201307151442/gwt-dev-designtime.jar
	at java.net.URI$Parser.fail(Unknown Source)
	at java.net.URI$Parser.checkChars(Unknown Source)
	at java.net.URI$Parser.parseHierarchical(Unknown Source)
	at java.net.URI$Parser.parse(Unknown Source)
	at java.net.URI.<init>(Unknown Source)
	at java.net.URL.toURI(Unknown Source)
	at com.google.gwt.dev.resource.impl.ResourceOracleImpl.addAllClassPathEntries(ResourceOracleImpl.java:323)
	at com.google.gwt.dev.resource.impl.ResourceOracleImpl.getAllClassPathEntries(ResourceOracleImpl.java:358)
	at com.google.gwt.dev.resource.impl.ResourceOracleImpl.<init>(ResourceOracleImpl.java:402)
	at com.google.gwt.dev.cfg.ModuleDef.normalize(ModuleDef.java:545)
	at com.google.gwt.dev.cfg.ModuleDefLoader.doLoadModule(ModuleDefLoader.java:199)
	at com.google.gwt.dev.cfg.ModuleDefLoader.loadFromResources(ModuleDefLoader.java:169)
	at com.google.gwt.dev.cfg.ModuleDefLoader.loadFromClassPath(ModuleDefLoader.java:141)
	at com.google.gwt.dev.shell.designtime.HostedModeSupportImpl.loadModule(HostedModeSupportImpl.java:85)
	at com.google.gwt.dev.shell.designtime.HostedModeSupportImpl.createModuleSpaceHost(HostedModeSupportImpl.java:64)
	at sun.reflect.NativeMethodAccessorImpl.invoke0(Native Method)
	at sun.reflect.NativeMethodAccessorImpl.invoke(Unknown Source)
	at sun.reflect.DelegatingMethodAccessorImpl.invoke(Unknown Source)
	at java.lang.reflect.Method.invoke(Unknown Source)
	at org.eclipse.wb.internal.core.utils.reflect.ReflectionUtils.invokeMethod(ReflectionUtils.java:869)
	at com.google.gdt.eclipse.designer.hosted.tdt.HostedModeSupport.createModuleSpaceHost(HostedModeSupport.java:447)
	at sun.reflect.NativeMethodAccessorImpl.invoke0(Native Method)
	at sun.reflect.NativeMethodAccessorImpl.invoke(Unknown Source)
	at sun.reflect.DelegatingMethodAccessorImpl.invoke(Unknown Source)
	at java.lang.reflect.Method.invoke(Unknown Source)
	at org.eclipse.wb.internal.core.utils.reflect.ReflectionUtils.invokeMethod(ReflectionUtils.java:869)
	at com.google.gdt.eclipse.designer.WarmUpSupport.warmUpHostedMode(WarmUpSupport.java:125)
	at com.google.gdt.eclipse.designer.WarmUpSupport.warmUpHostedMode(WarmUpSupport.java:105)
	at com.google.gdt.eclipse.designer.WarmUpSupport.doWarmUp(WarmUpSupport.java:84)
	at com.google.gdt.eclipse.designer.Activator.earlyStartup(Activator.java:190)
	at org.eclipse.ui.internal.EarlyStartupRunnable.runEarlyStartup(EarlyStartupRunnable.java:87)
	at org.eclipse.ui.internal.EarlyStartupRunnable.run(EarlyStartupRunnable.java:73)
	at org.eclipse.core.runtime.SafeRunner.run(SafeRunner.java:42)
	at org.eclipse.ui.internal.Workbench$55.run(Workbench.java:2551)
	at org.eclipse.core.internal.jobs.Worker.run(Worker.java:53)
Translatable source found in...
Found 2719 cached/archived units.  Used 2719 / 2719 units from cache.
Compiling...
   Compilation completed in 0.00 seconds
Removing invalidated units
Finding entry point classes
Public resources found in...
   [WARN] Error processing classpath URL 'file:/C:/Program Files (x86)/eclipseC++/plugins/com.google.gdt.eclipse.designer.hosted.2_2_3.1.2.r43x201307151442/gwt-dev-designtime.jar'
java.net.URISyntaxException: Illegal character in path at index 16: file:/C:/Program Files (x86)/eclipseC++/plugins/com.google.gdt.eclipse.designer.hosted.2_2_3.1.2.r43x201307151442/gwt-dev-designtime.jar
	at java.net.URI$Parser.fail(Unknown Source)
	at java.net.URI$Parser.checkChars(Unknown Source)
	at java.net.URI$Parser.parseHierarchical(Unknown Source)
	at java.net.URI$Parser.parse(Unknown Source)
	at java.net.URI.<init>(Unknown Source)
	at java.net.URL.toURI(Unknown Source)
	at com.google.gwt.dev.resource.impl.ResourceOracleImpl.addAllClassPathEntries(ResourceOracleImpl.java:323)
	at com.google.gwt.dev.resource.impl.ResourceOracleImpl.getAllClassPathEntries(ResourceOracleImpl.java:358)
	at com.google.gwt.dev.resource.impl.ResourceOracleImpl.<init>(ResourceOracleImpl.java:402)
	at com.google.gwt.dev.cfg.ModuleDef.normalize(ModuleDef.java:545)
	at com.google.gwt.dev.cfg.ModuleDefLoader.doLoadModule(ModuleDefLoader.java:199)
	at com.google.gwt.dev.cfg.ModuleDefLoader.loadFromResources(ModuleDefLoader.java:169)
	at com.google.gwt.dev.cfg.ModuleDefLoader.loadFromClassPath(ModuleDefLoader.java:141)
	at com.google.gwt.dev.shell.designtime.HostedModeSupportImpl.loadModule(HostedModeSupportImpl.java:85)
	at com.google.gwt.dev.shell.designtime.HostedModeSupportImpl.createModuleSpaceHost(HostedModeSupportImpl.java:64)
	at sun.reflect.NativeMethodAccessorImpl.invoke0(Native Method)
	at sun.reflect.NativeMethodAccessorImpl.invoke(Unknown Source)
	at sun.reflect.DelegatingMethodAccessorImpl.invoke(Unknown Source)
	at java.lang.reflect.Method.invoke(Unknown Source)
	at org.eclipse.wb.internal.core.utils.reflect.ReflectionUtils.invokeMethod(ReflectionUtils.java:869)
	at com.google.gdt.eclipse.designer.hosted.tdt.HostedModeSupport.createModuleSpaceHost(HostedModeSupport.java:447)
	at sun.reflect.NativeMethodAccessorImpl.invoke0(Native Method)
	at sun.reflect.NativeMethodAccessorImpl.invoke(Unknown Source)
	at sun.reflect.DelegatingMethodAccessorImpl.invoke(Unknown Source)
	at java.lang.reflect.Method.invoke(Unknown Source)
	at org.eclipse.wb.internal.core.utils.reflect.ReflectionUtils.invokeMethod(ReflectionUtils.java:869)
	at com.google.gdt.eclipse.designer.WarmUpSupport.warmUpHostedMode(WarmUpSupport.java:125)
	at com.google.gdt.eclipse.designer.WarmUpSupport.warmUpHostedMode(WarmUpSupport.java:103)
	at com.google.gdt.eclipse.designer.WarmUpSupport.doWarmUp(WarmUpSupport.java:84)
	at com.google.gdt.eclipse.designer.Activator.earlyStartup(Activator.java:190)
	at org.eclipse.ui.internal.EarlyStartupRunnable.runEarlyStartup(EarlyStartupRunnable.java:87)
	at org.eclipse.ui.internal.EarlyStartupRunnable.run(EarlyStartupRunnable.java:73)
	at org.eclipse.core.runtime.SafeRunner.run(SafeRunner.java:42)
	at org.eclipse.ui.internal.Workbench$55.run(Workbench.java:2551)
	at org.eclipse.core.internal.jobs.Worker.run(Worker.java:53)
Translatable source found in...
Found 0 cached/archived units.  Used 0 / 2719 units from cache.
Compiling...
   20% complete (ETR: 18 seconds)
   20% complete (ETR: 18 seconds)
   20% complete (ETR: 18 seconds)
   30% complete (ETR: 14 seconds)
   40% complete (ETR: 11 seconds)
   50% complete (ETR: 8 seconds)
   60% complete (ETR: 6 seconds)
   70% complete (ETR: 4 seconds)
   80% complete (ETR: 3 seconds)
   90% complete (ETR: 1 seconds)
   100% complete (ETR: 0 seconds)
   Compilation completed in 18.65 seconds
Removing invalidated units
Finding entry point classes
Public resources found in...
   [WARN] Error processing classpath URL 'file:/C:/Program Files (x86)/eclipseC++/plugins/com.google.gdt.eclipse.designer.hosted.2_2_3.1.2.r43x201307151442/gwt-dev-designtime.jar'
java.net.URISyntaxException: Illegal character in path at index 16: file:/C:/Program Files (x86)/eclipseC++/plugins/com.google.gdt.eclipse.designer.hosted.2_2_3.1.2.r43x201307151442/gwt-dev-designtime.jar
	at java.net.URI$Parser.fail(Unknown Source)
	at java.net.URI$Parser.checkChars(Unknown Source)
	at java.net.URI$Parser.parseHierarchical(Unknown Source)
	at java.net.URI$Parser.parse(Unknown Source)
	at java.net.URI.<init>(Unknown Source)
	at java.net.URL.toURI(Unknown Source)
	at com.google.gwt.dev.resource.impl.ResourceOracleImpl.addAllClassPathEntries(ResourceOracleImpl.java:323)
	at com.google.gwt.dev.resource.impl.ResourceOracleImpl.getAllClassPathEntries(ResourceOracleImpl.java:358)
	at com.google.gwt.dev.resource.impl.ResourceOracleImpl.<init>(ResourceOracleImpl.java:402)
	at com.google.gwt.dev.cfg.ModuleDef.normalize(ModuleDef.java:545)
	at com.google.gwt.dev.cfg.ModuleDefLoader.doLoadModule(ModuleDefLoader.java:199)
	at com.google.gwt.dev.cfg.ModuleDefLoader.loadFromResources(ModuleDefLoader.java:169)
	at com.google.gwt.dev.cfg.ModuleDefLoader.loadFromClassPath(ModuleDefLoader.java:141)
	at com.google.gwt.dev.shell.designtime.HostedModeSupportImpl.loadModule(HostedModeSupportImpl.java:85)
	at com.google.gwt.dev.shell.designtime.HostedModeSupportImpl.createModuleSpaceHost(HostedModeSupportImpl.java:64)
	at sun.reflect.NativeMethodAccessorImpl.invoke0(Native Method)
	at sun.reflect.NativeMethodAccessorImpl.invoke(Unknown Source)
	at sun.reflect.DelegatingMethodAccessorImpl.invoke(Unknown Source)
	at java.lang.reflect.Method.invoke(Unknown Source)
	at org.eclipse.wb.internal.core.utils.reflect.ReflectionUtils.invokeMethod(ReflectionUtils.java:869)
	at com.google.gdt.eclipse.designer.hosted.tdt.HostedModeSupport.createModuleSpaceHost(HostedModeSupport.java:447)
	at sun.reflect.NativeMethodAccessorImpl.invoke0(Native Method)
	at sun.reflect.NativeMethodAccessorImpl.invoke(Unknown Source)
	at sun.reflect.DelegatingMethodAccessorImpl.invoke(Unknown Source)
	at java.lang.reflect.Method.invoke(Unknown Source)
	at org.eclipse.wb.internal.core.utils.reflect.ReflectionUtils.invokeMethod(ReflectionUtils.java:869)
	at com.google.gdt.eclipse.designer.WarmUpSupport.warmUpHostedMode(WarmUpSupport.java:125)
	at com.google.gdt.eclipse.designer.WarmUpSupport.warmUpHostedMode(WarmUpSupport.java:104)
	at com.google.gdt.eclipse.designer.WarmUpSupport.doWarmUp(WarmUpSupport.java:84)
	at com.google.gdt.eclipse.designer.Activator.earlyStartup(Activator.java:190)
	at org.eclipse.ui.internal.EarlyStartupRunnable.runEarlyStartup(EarlyStartupRunnable.java:87)
	at org.eclipse.ui.internal.EarlyStartupRunnable.run(EarlyStartupRunnable.java:73)
	at org.eclipse.core.runtime.SafeRunner.run(SafeRunner.java:42)
	at org.eclipse.ui.internal.Workbench$55.run(Workbench.java:2551)
	at org.eclipse.core.internal.jobs.Worker.run(Worker.java:53)
Translatable source found in...
Found 2719 cached/archived units.  Used 2719 / 2719 units from cache.
Compiling...
   Compilation completed in 0.00 seconds
Removing invalidated units
Finding entry point classes
Public resources found in...
   [WARN] Error processing classpath URL 'file:/C:/Program Files (x86)/eclipseC++/plugins/com.google.gdt.eclipse.designer.hosted.2_2_3.1.2.r43x201307151442/gwt-dev-designtime.jar'
java.net.URISyntaxException: Illegal character in path at index 16: file:/C:/Program Files (x86)/eclipseC++/plugins/com.google.gdt.eclipse.designer.hosted.2_2_3.1.2.r43x201307151442/gwt-dev-designtime.jar
	at java.net.URI$Parser.fail(Unknown Source)
	at java.net.URI$Parser.checkChars(Unknown Source)
	at java.net.URI$Parser.parseHierarchical(Unknown Source)
	at java.net.URI$Parser.parse(Unknown Source)
	at java.net.URI.<init>(Unknown Source)
	at java.net.URL.toURI(Unknown Source)
	at com.google.gwt.dev.resource.impl.ResourceOracleImpl.addAllClassPathEntries(ResourceOracleImpl.java:323)
	at com.google.gwt.dev.resource.impl.ResourceOracleImpl.getAllClassPathEntries(ResourceOracleImpl.java:358)
	at com.google.gwt.dev.resource.impl.ResourceOracleImpl.<init>(ResourceOracleImpl.java:402)
	at com.google.gwt.dev.cfg.ModuleDef.normalize(ModuleDef.java:545)
	at com.google.gwt.dev.cfg.ModuleDefLoader.doLoadModule(ModuleDefLoader.java:199)
	at com.google.gwt.dev.cfg.ModuleDefLoader.loadFromResources(ModuleDefLoader.java:169)
	at com.google.gwt.dev.cfg.ModuleDefLoader.loadFromClassPath(ModuleDefLoader.java:141)
	at com.google.gwt.dev.shell.designtime.HostedModeSupportImpl.loadModule(HostedModeSupportImpl.java:85)
	at com.google.gwt.dev.shell.designtime.HostedModeSupportImpl.createModuleSpaceHost(HostedModeSupportImpl.java:64)
	at sun.reflect.NativeMethodAccessorImpl.invoke0(Native Method)
	at sun.reflect.NativeMethodAccessorImpl.invoke(Unknown Source)
	at sun.reflect.DelegatingMethodAccessorImpl.invoke(Unknown Source)
	at java.lang.reflect.Method.invoke(Unknown Source)
	at org.eclipse.wb.internal.core.utils.reflect.ReflectionUtils.invokeMethod(ReflectionUtils.java:869)
	at com.google.gdt.eclipse.designer.hosted.tdt.HostedModeSupport.createModuleSpaceHost(HostedModeSupport.java:447)
	at sun.reflect.NativeMethodAccessorImpl.invoke0(Native Method)
	at sun.reflect.NativeMethodAccessorImpl.invoke(Unknown Source)
	at sun.reflect.DelegatingMethodAccessorImpl.invoke(Unknown Source)
	at java.lang.reflect.Method.invoke(Unknown Source)
	at org.eclipse.wb.internal.core.utils.reflect.ReflectionUtils.invokeMethod(ReflectionUtils.java:869)
	at com.google.gdt.eclipse.designer.WarmUpSupport.warmUpHostedMode(WarmUpSupport.java:125)
	at com.google.gdt.eclipse.designer.WarmUpSupport.warmUpHostedMode(WarmUpSupport.java:105)
	at com.google.gdt.eclipse.designer.WarmUpSupport.doWarmUp(WarmUpSupport.java:84)
	at com.google.gdt.eclipse.designer.Activator.earlyStartup(Activator.java:190)
	at org.eclipse.ui.internal.EarlyStartupRunnable.runEarlyStartup(EarlyStartupRunnable.java:87)
	at org.eclipse.ui.internal.EarlyStartupRunnable.run(EarlyStartupRunnable.java:73)
	at org.eclipse.core.runtime.SafeRunner.run(SafeRunner.java:42)
	at org.eclipse.ui.internal.Workbench$55.run(Workbench.java:2551)
	at org.eclipse.core.internal.jobs.Worker.run(Worker.java:53)
Translatable source found in...
Found 2719 cached/archived units.  Used 2719 / 2719 units from cache.
Compiling...
   Compilation completed in 0.00 seconds
Removing invalidated units
Finding entry point classes
Public resources found in...
Translatable source found in...
Found 0 cached/archived units.  Used 0 / 2719 units from cache.
Compiling...
   10% complete (ETR: 31 seconds)
   10% complete (ETR: 31 seconds)
   20% complete (ETR: 25 seconds)
   30% complete (ETR: 18 seconds)
   40% complete (ETR: 13 seconds)
   50% complete (ETR: 10 seconds)
   60% complete (ETR: 7 seconds)
   70% complete (ETR: 5 seconds)
   80% complete (ETR: 3 seconds)
   90% complete (ETR: 1 seconds)
   100% complete (ETR: 0 seconds)
   Compilation completed in 23.94 seconds
Removing invalidated units
Finding entry point classes
Public resources found in...
Translatable source found in...
Found 2719 cached/archived units.  Used 2719 / 2719 units from cache.
Compiling...
   Compilation completed in 0.00 seconds
Removing invalidated units
Finding entry point classes
Public resources found in...
Translatable source found in...
Found 2719 cached/archived units.  Used 2719 / 2719 units from cache.
Compiling...
   Compilation completed in 0.00 seconds
Removing invalidated units
Finding entry point classes
Public resources found in...
   [WARN] Error processing classpath URL 'file:/C:/Program Files (x86)/eclipseC++/plugins/com.google.gdt.eclipse.designer.hosted.2_2_3.1.2.r43x201307151442/gwt-dev-designtime.jar'
java.net.URISyntaxException: Illegal character in path at index 16: file:/C:/Program Files (x86)/eclipseC++/plugins/com.google.gdt.eclipse.designer.hosted.2_2_3.1.2.r43x201307151442/gwt-dev-designtime.jar
	at java.net.URI$Parser.fail(Unknown Source)
	at java.net.URI$Parser.checkChars(Unknown Source)
	at java.net.URI$Parser.parseHierarchical(Unknown Source)
	at java.net.URI$Parser.parse(Unknown Source)
	at java.net.URI.<init>(Unknown Source)
	at java.net.URL.toURI(Unknown Source)
	at com.google.gwt.dev.resource.impl.ResourceOracleImpl.addAllClassPathEntries(ResourceOracleImpl.java:323)
	at com.google.gwt.dev.resource.impl.ResourceOracleImpl.getAllClassPathEntries(ResourceOracleImpl.java:358)
	at com.google.gwt.dev.resource.impl.ResourceOracleImpl.<init>(ResourceOracleImpl.java:402)
	at com.google.gwt.dev.cfg.ModuleDef.normalize(ModuleDef.java:545)
	at com.google.gwt.dev.cfg.ModuleDefLoader.doLoadModule(ModuleDefLoader.java:199)
	at com.google.gwt.dev.cfg.ModuleDefLoader.loadFromResources(ModuleDefLoader.java:169)
	at com.google.gwt.dev.cfg.ModuleDefLoader.loadFromClassPath(ModuleDefLoader.java:141)
	at com.google.gwt.dev.shell.designtime.HostedModeSupportImpl.loadModule(HostedModeSupportImpl.java:85)
	at com.google.gwt.dev.shell.designtime.HostedModeSupportImpl.createModuleSpaceHost(HostedModeSupportImpl.java:64)
	at sun.reflect.NativeMethodAccessorImpl.invoke0(Native Method)
	at sun.reflect.NativeMethodAccessorImpl.invoke(Unknown Source)
	at sun.reflect.DelegatingMethodAccessorImpl.invoke(Unknown Source)
	at java.lang.reflect.Method.invoke(Unknown Source)
	at org.eclipse.wb.internal.core.utils.reflect.ReflectionUtils.invokeMethod(ReflectionUtils.java:869)
	at com.google.gdt.eclipse.designer.hosted.tdt.HostedModeSupport.createModuleSpaceHost(HostedModeSupport.java:447)
	at sun.reflect.NativeMethodAccessorImpl.invoke0(Native Method)
	at sun.reflect.NativeMethodAccessorImpl.invoke(Unknown Source)
	at sun.reflect.DelegatingMethodAccessorImpl.invoke(Unknown Source)
	at java.lang.reflect.Method.invoke(Unknown Source)
	at org.eclipse.wb.internal.core.utils.reflect.ReflectionUtils.invokeMethod(ReflectionUtils.java:869)
	at com.google.gdt.eclipse.designer.WarmUpSupport.warmUpHostedMode(WarmUpSupport.java:125)
	at com.google.gdt.eclipse.designer.WarmUpSupport.warmUpHostedMode(WarmUpSupport.java:103)
	at com.google.gdt.eclipse.designer.WarmUpSupport.doWarmUp(WarmUpSupport.java:84)
	at com.google.gdt.eclipse.designer.Activator.earlyStartup(Activator.java:190)
	at org.eclipse.ui.internal.EarlyStartupRunnable.runEarlyStartup(EarlyStartupRunnable.java:87)
	at org.eclipse.ui.internal.EarlyStartupRunnable.run(EarlyStartupRunnable.java:73)
	at org.eclipse.core.runtime.SafeRunner.run(SafeRunner.java:42)
	at org.eclipse.ui.internal.Workbench$55.run(Workbench.java:2551)
	at org.eclipse.core.internal.jobs.Worker.run(Worker.java:53)
Translatable source found in...
Found 0 cached/archived units.  Used 0 / 2719 units from cache.
Compiling...
   0% complete (ETR: 46 seconds)
   10% complete (ETR: 45 seconds)
   20% complete (ETR: 29 seconds)
   30% complete (ETR: 21 seconds)
   40% complete (ETR: 16 seconds)
   50% complete (ETR: 12 seconds)
   60% complete (ETR: 8 seconds)
   70% complete (ETR: 6 seconds)
   80% complete (ETR: 4 seconds)
   90% complete (ETR: 2 seconds)
   100% complete (ETR: 0 seconds)
   Compilation completed in 21.88 seconds
Removing invalidated units
Finding entry point classes
Public resources found in...
   [WARN] Error processing classpath URL 'file:/C:/Program Files (x86)/eclipseC++/plugins/com.google.gdt.eclipse.designer.hosted.2_2_3.1.2.r43x201307151442/gwt-dev-designtime.jar'
java.net.URISyntaxException: Illegal character in path at index 16: file:/C:/Program Files (x86)/eclipseC++/plugins/com.google.gdt.eclipse.designer.hosted.2_2_3.1.2.r43x201307151442/gwt-dev-designtime.jar
	at java.net.URI$Parser.fail(Unknown Source)
	at java.net.URI$Parser.checkChars(Unknown Source)
	at java.net.URI$Parser.parseHierarchical(Unknown Source)
	at java.net.URI$Parser.parse(Unknown Source)
	at java.net.URI.<init>(Unknown Source)
	at java.net.URL.toURI(Unknown Source)
	at com.google.gwt.dev.resource.impl.ResourceOracleImpl.addAllClassPathEntries(ResourceOracleImpl.java:323)
	at com.google.gwt.dev.resource.impl.ResourceOracleImpl.getAllClassPathEntries(ResourceOracleImpl.java:358)
	at com.google.gwt.dev.resource.impl.ResourceOracleImpl.<init>(ResourceOracleImpl.java:402)
	at com.google.gwt.dev.cfg.ModuleDef.normalize(ModuleDef.java:545)
	at com.google.gwt.dev.cfg.ModuleDefLoader.doLoadModule(ModuleDefLoader.java:199)
	at com.google.gwt.dev.cfg.ModuleDefLoader.loadFromResources(ModuleDefLoader.java:169)
	at com.google.gwt.dev.cfg.ModuleDefLoader.loadFromClassPath(ModuleDefLoader.java:141)
	at com.google.gwt.dev.shell.designtime.HostedModeSupportImpl.loadModule(HostedModeSupportImpl.java:85)
	at com.google.gwt.dev.shell.designtime.HostedModeSupportImpl.createModuleSpaceHost(HostedModeSupportImpl.java:64)
	at sun.reflect.NativeMethodAccessorImpl.invoke0(Native Method)
	at sun.reflect.NativeMethodAccessorImpl.invoke(Unknown Source)
	at sun.reflect.DelegatingMethodAccessorImpl.invoke(Unknown Source)
	at java.lang.reflect.Method.invoke(Unknown Source)
	at org.eclipse.wb.internal.core.utils.reflect.ReflectionUtils.invokeMethod(ReflectionUtils.java:869)
	at com.google.gdt.eclipse.designer.hosted.tdt.HostedModeSupport.createModuleSpaceHost(HostedModeSupport.java:447)
	at sun.reflect.NativeMethodAccessorImpl.invoke0(Native Method)
	at sun.reflect.NativeMethodAccessorImpl.invoke(Unknown Source)
	at sun.reflect.DelegatingMethodAccessorImpl.invoke(Unknown Source)
	at java.lang.reflect.Method.invoke(Unknown Source)
	at org.eclipse.wb.internal.core.utils.reflect.ReflectionUtils.invokeMethod(ReflectionUtils.java:869)
	at com.google.gdt.eclipse.designer.WarmUpSupport.warmUpHostedMode(WarmUpSupport.java:125)
	at com.google.gdt.eclipse.designer.WarmUpSupport.warmUpHostedMode(WarmUpSupport.java:104)
	at com.google.gdt.eclipse.designer.WarmUpSupport.doWarmUp(WarmUpSupport.java:84)
	at com.google.gdt.eclipse.designer.Activator.earlyStartup(Activator.java:190)
	at org.eclipse.ui.internal.EarlyStartupRunnable.runEarlyStartup(EarlyStartupRunnable.java:87)
	at org.eclipse.ui.internal.EarlyStartupRunnable.run(EarlyStartupRunnable.java:73)
	at org.eclipse.core.runtime.SafeRunner.run(SafeRunner.java:42)
	at org.eclipse.ui.internal.Workbench$55.run(Workbench.java:2551)
	at org.eclipse.core.internal.jobs.Worker.run(Worker.java:53)
Translatable source found in...
Found 2719 cached/archived units.  Used 2719 / 2719 units from cache.
Compiling...
   Compilation completed in 0.00 seconds
Removing invalidated units
Finding entry point classes
Public resources found in...
   [WARN] Error processing classpath URL 'file:/C:/Program Files (x86)/eclipseC++/plugins/com.google.gdt.eclipse.designer.hosted.2_2_3.1.2.r43x201307151442/gwt-dev-designtime.jar'
java.net.URISyntaxException: Illegal character in path at index 16: file:/C:/Program Files (x86)/eclipseC++/plugins/com.google.gdt.eclipse.designer.hosted.2_2_3.1.2.r43x201307151442/gwt-dev-designtime.jar
	at java.net.URI$Parser.fail(Unknown Source)
	at java.net.URI$Parser.checkChars(Unknown Source)
	at java.net.URI$Parser.parseHierarchical(Unknown Source)
	at java.net.URI$Parser.parse(Unknown Source)
	at java.net.URI.<init>(Unknown Source)
	at java.net.URL.toURI(Unknown Source)
	at com.google.gwt.dev.resource.impl.ResourceOracleImpl.addAllClassPathEntries(ResourceOracleImpl.java:323)
	at com.google.gwt.dev.resource.impl.ResourceOracleImpl.getAllClassPathEntries(ResourceOracleImpl.java:358)
	at com.google.gwt.dev.resource.impl.ResourceOracleImpl.<init>(ResourceOracleImpl.java:402)
	at com.google.gwt.dev.cfg.ModuleDef.normalize(ModuleDef.java:545)
	at com.google.gwt.dev.cfg.ModuleDefLoader.doLoadModule(ModuleDefLoader.java:199)
	at com.google.gwt.dev.cfg.ModuleDefLoader.loadFromResources(ModuleDefLoader.java:169)
	at com.google.gwt.dev.cfg.ModuleDefLoader.loadFromClassPath(ModuleDefLoader.java:141)
	at com.google.gwt.dev.shell.designtime.HostedModeSupportImpl.loadModule(HostedModeSupportImpl.java:85)
	at com.google.gwt.dev.shell.designtime.HostedModeSupportImpl.createModuleSpaceHost(HostedModeSupportImpl.java:64)
	at sun.reflect.NativeMethodAccessorImpl.invoke0(Native Method)
	at sun.reflect.NativeMethodAccessorImpl.invoke(Unknown Source)
	at sun.reflect.DelegatingMethodAccessorImpl.invoke(Unknown Source)
	at java.lang.reflect.Method.invoke(Unknown Source)
	at org.eclipse.wb.internal.core.utils.reflect.ReflectionUtils.invokeMethod(ReflectionUtils.java:869)
	at com.google.gdt.eclipse.designer.hosted.tdt.HostedModeSupport.createModuleSpaceHost(HostedModeSupport.java:447)
	at sun.reflect.NativeMethodAccessorImpl.invoke0(Native Method)
	at sun.reflect.NativeMethodAccessorImpl.invoke(Unknown Source)
	at sun.reflect.DelegatingMethodAccessorImpl.invoke(Unknown Source)
	at java.lang.reflect.Method.invoke(Unknown Source)
	at org.eclipse.wb.internal.core.utils.reflect.ReflectionUtils.invokeMethod(ReflectionUtils.java:869)
	at com.google.gdt.eclipse.designer.WarmUpSupport.warmUpHostedMode(WarmUpSupport.java:125)
	at com.google.gdt.eclipse.designer.WarmUpSupport.warmUpHostedMode(WarmUpSupport.java:105)
	at com.google.gdt.eclipse.designer.WarmUpSupport.doWarmUp(WarmUpSupport.java:84)
	at com.google.gdt.eclipse.designer.Activator.earlyStartup(Activator.java:190)
	at org.eclipse.ui.internal.EarlyStartupRunnable.runEarlyStartup(EarlyStartupRunnable.java:87)
	at org.eclipse.ui.internal.EarlyStartupRunnable.run(EarlyStartupRunnable.java:73)
	at org.eclipse.core.runtime.SafeRunner.run(SafeRunner.java:42)
	at org.eclipse.ui.internal.Workbench$55.run(Workbench.java:2551)
	at org.eclipse.core.internal.jobs.Worker.run(Worker.java:53)
Translatable source found in...
Found 2719 cached/archived units.  Used 2719 / 2719 units from cache.
Compiling...
   Compilation completed in 0.00 seconds
Removing invalidated units
Finding entry point classes
Public resources found in...
Translatable source found in...
Found 0 cached/archived units.  Used 0 / 2719 units from cache.
Compiling...
   10% complete (ETR: 22 seconds)
   10% complete (ETR: 22 seconds)
   20% complete (ETR: 21 seconds)
   30% complete (ETR: 14 seconds)
   40% complete (ETR: 10 seconds)
   50% complete (ETR: 7 seconds)
   60% complete (ETR: 5 seconds)
   70% complete (ETR: 3 seconds)
   80% complete (ETR: 2 seconds)
   90% complete (ETR: 1 seconds)
   100% complete (ETR: 0 seconds)
   Compilation completed in 19.64 seconds
Removing invalidated units
Finding entry point classes
Public resources found in...
Translatable source found in...
Found 2719 cached/archived units.  Used 2719 / 2719 units from cache.
Compiling...
   Compilation completed in 0.00 seconds
Removing invalidated units
Finding entry point classes
Public resources found in...
Translatable source found in...
Found 2719 cached/archived units.  Used 2719 / 2719 units from cache.
Compiling...
   Compilation completed in 0.00 seconds
Removing invalidated units
Finding entry point classes
Public resources found in...
Translatable source found in...
Found 0 cached/archived units.  Used 0 / 2719 units from cache.
Compiling...
   20% complete (ETR: 17 seconds)
   20% complete (ETR: 17 seconds)
   20% complete (ETR: 17 seconds)
   30% complete (ETR: 13 seconds)
   40% complete (ETR: 9 seconds)
   50% complete (ETR: 7 seconds)
   60% complete (ETR: 5 seconds)
   70% complete (ETR: 3 seconds)
   80% complete (ETR: 2 seconds)
   90% complete (ETR: 1 seconds)
   100% complete (ETR: 0 seconds)
   Compilation completed in 18.51 seconds
Removing invalidated units
Finding entry point classes
Public resources found in...
Translatable source found in...
Found 2719 cached/archived units.  Used 2719 / 2719 units from cache.
Compiling...
   Compilation completed in 0.00 seconds
Removing invalidated units
Finding entry point classes
Public resources found in...
Translatable source found in...
Found 2719 cached/archived units.  Used 2719 / 2719 units from cache.
Compiling...
   Compilation completed in 0.00 seconds
Removing invalidated units
Finding entry point classes
Public resources found in...
   Unexpected entry in classpath; C:\Users\Alexander\github\VoteVis\test is neither a directory nor an archive (.jar or .zip)
   Unexpected entry in classpath; C:\VoteVis\test-classes is neither a directory nor an archive (.jar or .zip)
   [WARN] Error processing classpath URL 'file:/C:/Program Files (x86)/eclipseC++/plugins/com.google.gdt.eclipse.designer.hosted.2_2_3.1.2.r43x201307151442/gwt-dev-designtime.jar'
java.net.URISyntaxException: Illegal character in path at index 16: file:/C:/Program Files (x86)/eclipseC++/plugins/com.google.gdt.eclipse.designer.hosted.2_2_3.1.2.r43x201307151442/gwt-dev-designtime.jar
	at java.net.URI$Parser.fail(Unknown Source)
	at java.net.URI$Parser.checkChars(Unknown Source)
	at java.net.URI$Parser.parseHierarchical(Unknown Source)
	at java.net.URI$Parser.parse(Unknown Source)
	at java.net.URI.<init>(Unknown Source)
	at java.net.URL.toURI(Unknown Source)
	at com.google.gwt.dev.resource.impl.ResourceOracleImpl.addAllClassPathEntries(ResourceOracleImpl.java:323)
	at com.google.gwt.dev.resource.impl.ResourceOracleImpl.getAllClassPathEntries(ResourceOracleImpl.java:358)
	at com.google.gwt.dev.resource.impl.ResourceOracleImpl.<init>(ResourceOracleImpl.java:402)
	at com.google.gwt.dev.cfg.ModuleDef.normalize(ModuleDef.java:545)
	at com.google.gwt.dev.cfg.ModuleDefLoader.doLoadModule(ModuleDefLoader.java:199)
	at com.google.gwt.dev.cfg.ModuleDefLoader.loadFromResources(ModuleDefLoader.java:169)
	at com.google.gwt.dev.cfg.ModuleDefLoader.loadFromClassPath(ModuleDefLoader.java:141)
	at com.google.gwt.dev.shell.designtime.HostedModeSupportImpl.loadModule(HostedModeSupportImpl.java:85)
	at com.google.gwt.dev.shell.designtime.HostedModeSupportImpl.createModuleSpaceHost(HostedModeSupportImpl.java:64)
	at sun.reflect.NativeMethodAccessorImpl.invoke0(Native Method)
	at sun.reflect.NativeMethodAccessorImpl.invoke(Unknown Source)
	at sun.reflect.DelegatingMethodAccessorImpl.invoke(Unknown Source)
	at java.lang.reflect.Method.invoke(Unknown Source)
	at org.eclipse.wb.internal.core.utils.reflect.ReflectionUtils.invokeMethod(ReflectionUtils.java:869)
	at com.google.gdt.eclipse.designer.hosted.tdt.HostedModeSupport.createModuleSpaceHost(HostedModeSupport.java:447)
	at sun.reflect.NativeMethodAccessorImpl.invoke0(Native Method)
	at sun.reflect.NativeMethodAccessorImpl.invoke(Unknown Source)
	at sun.reflect.DelegatingMethodAccessorImpl.invoke(Unknown Source)
	at java.lang.reflect.Method.invoke(Unknown Source)
	at org.eclipse.wb.internal.core.utils.reflect.ReflectionUtils.invokeMethod(ReflectionUtils.java:869)
	at com.google.gdt.eclipse.designer.WarmUpSupport.warmUpHostedMode(WarmUpSupport.java:125)
	at com.google.gdt.eclipse.designer.WarmUpSupport.warmUpHostedMode(WarmUpSupport.java:103)
	at com.google.gdt.eclipse.designer.WarmUpSupport.doWarmUp(WarmUpSupport.java:84)
	at com.google.gdt.eclipse.designer.Activator.earlyStartup(Activator.java:190)
	at org.eclipse.ui.internal.EarlyStartupRunnable.runEarlyStartup(EarlyStartupRunnable.java:87)
	at org.eclipse.ui.internal.EarlyStartupRunnable.run(EarlyStartupRunnable.java:73)
	at org.eclipse.core.runtime.SafeRunner.run(SafeRunner.java:42)
	at org.eclipse.ui.internal.Workbench$55.run(Workbench.java:2551)
	at org.eclipse.core.internal.jobs.Worker.run(Worker.java:53)
Translatable source found in...
Found 0 cached/archived units.  Used 0 / 2719 units from cache.
Compiling...
   10% complete (ETR: 26 seconds)
   10% complete (ETR: 26 seconds)
   20% complete (ETR: 22 seconds)
   30% complete (ETR: 17 seconds)
   40% complete (ETR: 13 seconds)
   50% complete (ETR: 11 seconds)
   60% complete (ETR: 8 seconds)
   70% complete (ETR: 5 seconds)
   80% complete (ETR: 3 seconds)
   90% complete (ETR: 2 seconds)
   100% complete (ETR: 0 seconds)
   Compilation completed in 18.36 seconds
Removing invalidated units
Finding entry point classes
Public resources found in...
   Unexpected entry in classpath; C:\Users\Alexander\github\VoteVis\test is neither a directory nor an archive (.jar or .zip)
   Unexpected entry in classpath; C:\VoteVis\test-classes is neither a directory nor an archive (.jar or .zip)
   [WARN] Error processing classpath URL 'file:/C:/Program Files (x86)/eclipseC++/plugins/com.google.gdt.eclipse.designer.hosted.2_2_3.1.2.r43x201307151442/gwt-dev-designtime.jar'
java.net.URISyntaxException: Illegal character in path at index 16: file:/C:/Program Files (x86)/eclipseC++/plugins/com.google.gdt.eclipse.designer.hosted.2_2_3.1.2.r43x201307151442/gwt-dev-designtime.jar
	at java.net.URI$Parser.fail(Unknown Source)
	at java.net.URI$Parser.checkChars(Unknown Source)
	at java.net.URI$Parser.parseHierarchical(Unknown Source)
	at java.net.URI$Parser.parse(Unknown Source)
	at java.net.URI.<init>(Unknown Source)
	at java.net.URL.toURI(Unknown Source)
	at com.google.gwt.dev.resource.impl.ResourceOracleImpl.addAllClassPathEntries(ResourceOracleImpl.java:323)
	at com.google.gwt.dev.resource.impl.ResourceOracleImpl.getAllClassPathEntries(ResourceOracleImpl.java:358)
	at com.google.gwt.dev.resource.impl.ResourceOracleImpl.<init>(ResourceOracleImpl.java:402)
	at com.google.gwt.dev.cfg.ModuleDef.normalize(ModuleDef.java:545)
	at com.google.gwt.dev.cfg.ModuleDefLoader.doLoadModule(ModuleDefLoader.java:199)
	at com.google.gwt.dev.cfg.ModuleDefLoader.loadFromResources(ModuleDefLoader.java:169)
	at com.google.gwt.dev.cfg.ModuleDefLoader.loadFromClassPath(ModuleDefLoader.java:141)
	at com.google.gwt.dev.shell.designtime.HostedModeSupportImpl.loadModule(HostedModeSupportImpl.java:85)
	at com.google.gwt.dev.shell.designtime.HostedModeSupportImpl.createModuleSpaceHost(HostedModeSupportImpl.java:64)
	at sun.reflect.NativeMethodAccessorImpl.invoke0(Native Method)
	at sun.reflect.NativeMethodAccessorImpl.invoke(Unknown Source)
	at sun.reflect.DelegatingMethodAccessorImpl.invoke(Unknown Source)
	at java.lang.reflect.Method.invoke(Unknown Source)
	at org.eclipse.wb.internal.core.utils.reflect.ReflectionUtils.invokeMethod(ReflectionUtils.java:869)
	at com.google.gdt.eclipse.designer.hosted.tdt.HostedModeSupport.createModuleSpaceHost(HostedModeSupport.java:447)
	at sun.reflect.NativeMethodAccessorImpl.invoke0(Native Method)
	at sun.reflect.NativeMethodAccessorImpl.invoke(Unknown Source)
	at sun.reflect.DelegatingMethodAccessorImpl.invoke(Unknown Source)
	at java.lang.reflect.Method.invoke(Unknown Source)
	at org.eclipse.wb.internal.core.utils.reflect.ReflectionUtils.invokeMethod(ReflectionUtils.java:869)
	at com.google.gdt.eclipse.designer.WarmUpSupport.warmUpHostedMode(WarmUpSupport.java:125)
	at com.google.gdt.eclipse.designer.WarmUpSupport.warmUpHostedMode(WarmUpSupport.java:104)
	at com.google.gdt.eclipse.designer.WarmUpSupport.doWarmUp(WarmUpSupport.java:84)
	at com.google.gdt.eclipse.designer.Activator.earlyStartup(Activator.java:190)
	at org.eclipse.ui.internal.EarlyStartupRunnable.runEarlyStartup(EarlyStartupRunnable.java:87)
	at org.eclipse.ui.internal.EarlyStartupRunnable.run(EarlyStartupRunnable.java:73)
	at org.eclipse.core.runtime.SafeRunner.run(SafeRunner.java:42)
	at org.eclipse.ui.internal.Workbench$55.run(Workbench.java:2551)
	at org.eclipse.core.internal.jobs.Worker.run(Worker.java:53)
Translatable source found in...
Found 2719 cached/archived units.  Used 2719 / 2719 units from cache.
Compiling...
   Compilation completed in 0.00 seconds
Removing invalidated units
Finding entry point classes
Public resources found in...
   Unexpected entry in classpath; C:\Users\Alexander\github\VoteVis\test is neither a directory nor an archive (.jar or .zip)
   Unexpected entry in classpath; C:\VoteVis\test-classes is neither a directory nor an archive (.jar or .zip)
   [WARN] Error processing classpath URL 'file:/C:/Program Files (x86)/eclipseC++/plugins/com.google.gdt.eclipse.designer.hosted.2_2_3.1.2.r43x201307151442/gwt-dev-designtime.jar'
java.net.URISyntaxException: Illegal character in path at index 16: file:/C:/Program Files (x86)/eclipseC++/plugins/com.google.gdt.eclipse.designer.hosted.2_2_3.1.2.r43x201307151442/gwt-dev-designtime.jar
	at java.net.URI$Parser.fail(Unknown Source)
	at java.net.URI$Parser.checkChars(Unknown Source)
	at java.net.URI$Parser.parseHierarchical(Unknown Source)
	at java.net.URI$Parser.parse(Unknown Source)
	at java.net.URI.<init>(Unknown Source)
	at java.net.URL.toURI(Unknown Source)
	at com.google.gwt.dev.resource.impl.ResourceOracleImpl.addAllClassPathEntries(ResourceOracleImpl.java:323)
	at com.google.gwt.dev.resource.impl.ResourceOracleImpl.getAllClassPathEntries(ResourceOracleImpl.java:358)
	at com.google.gwt.dev.resource.impl.ResourceOracleImpl.<init>(ResourceOracleImpl.java:402)
	at com.google.gwt.dev.cfg.ModuleDef.normalize(ModuleDef.java:545)
	at com.google.gwt.dev.cfg.ModuleDefLoader.doLoadModule(ModuleDefLoader.java:199)
	at com.google.gwt.dev.cfg.ModuleDefLoader.loadFromResources(ModuleDefLoader.java:169)
	at com.google.gwt.dev.cfg.ModuleDefLoader.loadFromClassPath(ModuleDefLoader.java:141)
	at com.google.gwt.dev.shell.designtime.HostedModeSupportImpl.loadModule(HostedModeSupportImpl.java:85)
	at com.google.gwt.dev.shell.designtime.HostedModeSupportImpl.createModuleSpaceHost(HostedModeSupportImpl.java:64)
	at sun.reflect.NativeMethodAccessorImpl.invoke0(Native Method)
	at sun.reflect.NativeMethodAccessorImpl.invoke(Unknown Source)
	at sun.reflect.DelegatingMethodAccessorImpl.invoke(Unknown Source)
	at java.lang.reflect.Method.invoke(Unknown Source)
	at org.eclipse.wb.internal.core.utils.reflect.ReflectionUtils.invokeMethod(ReflectionUtils.java:869)
	at com.google.gdt.eclipse.designer.hosted.tdt.HostedModeSupport.createModuleSpaceHost(HostedModeSupport.java:447)
	at sun.reflect.NativeMethodAccessorImpl.invoke0(Native Method)
	at sun.reflect.NativeMethodAccessorImpl.invoke(Unknown Source)
	at sun.reflect.DelegatingMethodAccessorImpl.invoke(Unknown Source)
	at java.lang.reflect.Method.invoke(Unknown Source)
	at org.eclipse.wb.internal.core.utils.reflect.ReflectionUtils.invokeMethod(ReflectionUtils.java:869)
	at com.google.gdt.eclipse.designer.WarmUpSupport.warmUpHostedMode(WarmUpSupport.java:125)
	at com.google.gdt.eclipse.designer.WarmUpSupport.warmUpHostedMode(WarmUpSupport.java:105)
	at com.google.gdt.eclipse.designer.WarmUpSupport.doWarmUp(WarmUpSupport.java:84)
	at com.google.gdt.eclipse.designer.Activator.earlyStartup(Activator.java:190)
	at org.eclipse.ui.internal.EarlyStartupRunnable.runEarlyStartup(EarlyStartupRunnable.java:87)
	at org.eclipse.ui.internal.EarlyStartupRunnable.run(EarlyStartupRunnable.java:73)
	at org.eclipse.core.runtime.SafeRunner.run(SafeRunner.java:42)
	at org.eclipse.ui.internal.Workbench$55.run(Workbench.java:2551)
	at org.eclipse.core.internal.jobs.Worker.run(Worker.java:53)
Translatable source found in...
Found 2719 cached/archived units.  Used 2719 / 2719 units from cache.
Compiling...
   Compilation completed in 0.00 seconds
Removing invalidated units
Finding entry point classes
Public resources found in...
   Unexpected entry in classpath; C:\Users\Alexander\github\VoteVis\test is neither a directory nor an archive (.jar or .zip)
   Unexpected entry in classpath; C:\VoteVis\test-classes is neither a directory nor an archive (.jar or .zip)
   [WARN] Error processing classpath URL 'file:/C:/Program Files (x86)/eclipseC++/plugins/com.google.gdt.eclipse.designer.hosted.2_2_3.1.2.r43x201307151442/gwt-dev-designtime.jar'
java.net.URISyntaxException: Illegal character in path at index 16: file:/C:/Program Files (x86)/eclipseC++/plugins/com.google.gdt.eclipse.designer.hosted.2_2_3.1.2.r43x201307151442/gwt-dev-designtime.jar
	at java.net.URI$Parser.fail(Unknown Source)
	at java.net.URI$Parser.checkChars(Unknown Source)
	at java.net.URI$Parser.parseHierarchical(Unknown Source)
	at java.net.URI$Parser.parse(Unknown Source)
	at java.net.URI.<init>(Unknown Source)
	at java.net.URL.toURI(Unknown Source)
	at com.google.gwt.dev.resource.impl.ResourceOracleImpl.addAllClassPathEntries(ResourceOracleImpl.java:323)
	at com.google.gwt.dev.resource.impl.ResourceOracleImpl.getAllClassPathEntries(ResourceOracleImpl.java:358)
	at com.google.gwt.dev.resource.impl.ResourceOracleImpl.<init>(ResourceOracleImpl.java:402)
	at com.google.gwt.dev.cfg.ModuleDef.normalize(ModuleDef.java:545)
	at com.google.gwt.dev.cfg.ModuleDefLoader.doLoadModule(ModuleDefLoader.java:199)
	at com.google.gwt.dev.cfg.ModuleDefLoader.loadFromResources(ModuleDefLoader.java:169)
	at com.google.gwt.dev.cfg.ModuleDefLoader.loadFromClassPath(ModuleDefLoader.java:141)
	at com.google.gwt.dev.shell.designtime.HostedModeSupportImpl.loadModule(HostedModeSupportImpl.java:85)
	at com.google.gwt.dev.shell.designtime.HostedModeSupportImpl.createModuleSpaceHost(HostedModeSupportImpl.java:64)
	at sun.reflect.NativeMethodAccessorImpl.invoke0(Native Method)
	at sun.reflect.NativeMethodAccessorImpl.invoke(Unknown Source)
	at sun.reflect.DelegatingMethodAccessorImpl.invoke(Unknown Source)
	at java.lang.reflect.Method.invoke(Unknown Source)
	at org.eclipse.wb.internal.core.utils.reflect.ReflectionUtils.invokeMethod(ReflectionUtils.java:869)
	at com.google.gdt.eclipse.designer.hosted.tdt.HostedModeSupport.createModuleSpaceHost(HostedModeSupport.java:447)
	at sun.reflect.NativeMethodAccessorImpl.invoke0(Native Method)
	at sun.reflect.NativeMethodAccessorImpl.invoke(Unknown Source)
	at sun.reflect.DelegatingMethodAccessorImpl.invoke(Unknown Source)
	at java.lang.reflect.Method.invoke(Unknown Source)
	at org.eclipse.wb.internal.core.utils.reflect.ReflectionUtils.invokeMethod(ReflectionUtils.java:869)
	at com.google.gdt.eclipse.designer.WarmUpSupport.warmUpHostedMode(WarmUpSupport.java:125)
	at com.google.gdt.eclipse.designer.WarmUpSupport.warmUpHostedMode(WarmUpSupport.java:103)
	at com.google.gdt.eclipse.designer.WarmUpSupport.doWarmUp(WarmUpSupport.java:84)
	at com.google.gdt.eclipse.designer.Activator.earlyStartup(Activator.java:190)
	at org.eclipse.ui.internal.EarlyStartupRunnable.runEarlyStartup(EarlyStartupRunnable.java:87)
	at org.eclipse.ui.internal.EarlyStartupRunnable.run(EarlyStartupRunnable.java:73)
	at org.eclipse.core.runtime.SafeRunner.run(SafeRunner.java:42)
	at org.eclipse.ui.internal.Workbench$55.run(Workbench.java:2551)
	at org.eclipse.core.internal.jobs.Worker.run(Worker.java:53)
Translatable source found in...
Found 0 cached/archived units.  Used 0 / 2719 units from cache.
Compiling...
   10% complete (ETR: 24 seconds)
   10% complete (ETR: 24 seconds)
   20% complete (ETR: 23 seconds)
   30% complete (ETR: 17 seconds)
   40% complete (ETR: 13 seconds)
   50% complete (ETR: 10 seconds)
   60% complete (ETR: 8 seconds)
   70% complete (ETR: 5 seconds)
   80% complete (ETR: 3 seconds)
   90% complete (ETR: 2 seconds)
   100% complete (ETR: 0 seconds)
   Compilation completed in 20.05 seconds
Removing invalidated units
Finding entry point classes
Public resources found in...
   Unexpected entry in classpath; C:\Users\Alexander\github\VoteVis\test is neither a directory nor an archive (.jar or .zip)
   Unexpected entry in classpath; C:\VoteVis\test-classes is neither a directory nor an archive (.jar or .zip)
   [WARN] Error processing classpath URL 'file:/C:/Program Files (x86)/eclipseC++/plugins/com.google.gdt.eclipse.designer.hosted.2_2_3.1.2.r43x201307151442/gwt-dev-designtime.jar'
java.net.URISyntaxException: Illegal character in path at index 16: file:/C:/Program Files (x86)/eclipseC++/plugins/com.google.gdt.eclipse.designer.hosted.2_2_3.1.2.r43x201307151442/gwt-dev-designtime.jar
	at java.net.URI$Parser.fail(Unknown Source)
	at java.net.URI$Parser.checkChars(Unknown Source)
	at java.net.URI$Parser.parseHierarchical(Unknown Source)
	at java.net.URI$Parser.parse(Unknown Source)
	at java.net.URI.<init>(Unknown Source)
	at java.net.URL.toURI(Unknown Source)
	at com.google.gwt.dev.resource.impl.ResourceOracleImpl.addAllClassPathEntries(ResourceOracleImpl.java:323)
	at com.google.gwt.dev.resource.impl.ResourceOracleImpl.getAllClassPathEntries(ResourceOracleImpl.java:358)
	at com.google.gwt.dev.resource.impl.ResourceOracleImpl.<init>(ResourceOracleImpl.java:402)
	at com.google.gwt.dev.cfg.ModuleDef.normalize(ModuleDef.java:545)
	at com.google.gwt.dev.cfg.ModuleDefLoader.doLoadModule(ModuleDefLoader.java:199)
	at com.google.gwt.dev.cfg.ModuleDefLoader.loadFromResources(ModuleDefLoader.java:169)
	at com.google.gwt.dev.cfg.ModuleDefLoader.loadFromClassPath(ModuleDefLoader.java:141)
	at com.google.gwt.dev.shell.designtime.HostedModeSupportImpl.loadModule(HostedModeSupportImpl.java:85)
	at com.google.gwt.dev.shell.designtime.HostedModeSupportImpl.createModuleSpaceHost(HostedModeSupportImpl.java:64)
	at sun.reflect.NativeMethodAccessorImpl.invoke0(Native Method)
	at sun.reflect.NativeMethodAccessorImpl.invoke(Unknown Source)
	at sun.reflect.DelegatingMethodAccessorImpl.invoke(Unknown Source)
	at java.lang.reflect.Method.invoke(Unknown Source)
	at org.eclipse.wb.internal.core.utils.reflect.ReflectionUtils.invokeMethod(ReflectionUtils.java:869)
	at com.google.gdt.eclipse.designer.hosted.tdt.HostedModeSupport.createModuleSpaceHost(HostedModeSupport.java:447)
	at sun.reflect.NativeMethodAccessorImpl.invoke0(Native Method)
	at sun.reflect.NativeMethodAccessorImpl.invoke(Unknown Source)
	at sun.reflect.DelegatingMethodAccessorImpl.invoke(Unknown Source)
	at java.lang.reflect.Method.invoke(Unknown Source)
	at org.eclipse.wb.internal.core.utils.reflect.ReflectionUtils.invokeMethod(ReflectionUtils.java:869)
	at com.google.gdt.eclipse.designer.WarmUpSupport.warmUpHostedMode(WarmUpSupport.java:125)
	at com.google.gdt.eclipse.designer.WarmUpSupport.warmUpHostedMode(WarmUpSupport.java:104)
	at com.google.gdt.eclipse.designer.WarmUpSupport.doWarmUp(WarmUpSupport.java:84)
	at com.google.gdt.eclipse.designer.Activator.earlyStartup(Activator.java:190)
	at org.eclipse.ui.internal.EarlyStartupRunnable.runEarlyStartup(EarlyStartupRunnable.java:87)
	at org.eclipse.ui.internal.EarlyStartupRunnable.run(EarlyStartupRunnable.java:73)
	at org.eclipse.core.runtime.SafeRunner.run(SafeRunner.java:42)
	at org.eclipse.ui.internal.Workbench$55.run(Workbench.java:2551)
	at org.eclipse.core.internal.jobs.Worker.run(Worker.java:53)
Translatable source found in...
Found 2719 cached/archived units.  Used 2719 / 2719 units from cache.
Compiling...
   Compilation completed in 0.00 seconds
Removing invalidated units
Finding entry point classes
Public resources found in...
   Unexpected entry in classpath; C:\Users\Alexander\github\VoteVis\test is neither a directory nor an archive (.jar or .zip)
   Unexpected entry in classpath; C:\VoteVis\test-classes is neither a directory nor an archive (.jar or .zip)
   [WARN] Error processing classpath URL 'file:/C:/Program Files (x86)/eclipseC++/plugins/com.google.gdt.eclipse.designer.hosted.2_2_3.1.2.r43x201307151442/gwt-dev-designtime.jar'
java.net.URISyntaxException: Illegal character in path at index 16: file:/C:/Program Files (x86)/eclipseC++/plugins/com.google.gdt.eclipse.designer.hosted.2_2_3.1.2.r43x201307151442/gwt-dev-designtime.jar
	at java.net.URI$Parser.fail(Unknown Source)
	at java.net.URI$Parser.checkChars(Unknown Source)
	at java.net.URI$Parser.parseHierarchical(Unknown Source)
	at java.net.URI$Parser.parse(Unknown Source)
	at java.net.URI.<init>(Unknown Source)
	at java.net.URL.toURI(Unknown Source)
	at com.google.gwt.dev.resource.impl.ResourceOracleImpl.addAllClassPathEntries(ResourceOracleImpl.java:323)
	at com.google.gwt.dev.resource.impl.ResourceOracleImpl.getAllClassPathEntries(ResourceOracleImpl.java:358)
	at com.google.gwt.dev.resource.impl.ResourceOracleImpl.<init>(ResourceOracleImpl.java:402)
	at com.google.gwt.dev.cfg.ModuleDef.normalize(ModuleDef.java:545)
	at com.google.gwt.dev.cfg.ModuleDefLoader.doLoadModule(ModuleDefLoader.java:199)
	at com.google.gwt.dev.cfg.ModuleDefLoader.loadFromResources(ModuleDefLoader.java:169)
	at com.google.gwt.dev.cfg.ModuleDefLoader.loadFromClassPath(ModuleDefLoader.java:141)
	at com.google.gwt.dev.shell.designtime.HostedModeSupportImpl.loadModule(HostedModeSupportImpl.java:85)
	at com.google.gwt.dev.shell.designtime.HostedModeSupportImpl.createModuleSpaceHost(HostedModeSupportImpl.java:64)
	at sun.reflect.NativeMethodAccessorImpl.invoke0(Native Method)
	at sun.reflect.NativeMethodAccessorImpl.invoke(Unknown Source)
	at sun.reflect.DelegatingMethodAccessorImpl.invoke(Unknown Source)
	at java.lang.reflect.Method.invoke(Unknown Source)
	at org.eclipse.wb.internal.core.utils.reflect.ReflectionUtils.invokeMethod(ReflectionUtils.java:869)
	at com.google.gdt.eclipse.designer.hosted.tdt.HostedModeSupport.createModuleSpaceHost(HostedModeSupport.java:447)
	at sun.reflect.NativeMethodAccessorImpl.invoke0(Native Method)
	at sun.reflect.NativeMethodAccessorImpl.invoke(Unknown Source)
	at sun.reflect.DelegatingMethodAccessorImpl.invoke(Unknown Source)
	at java.lang.reflect.Method.invoke(Unknown Source)
	at org.eclipse.wb.internal.core.utils.reflect.ReflectionUtils.invokeMethod(ReflectionUtils.java:869)
	at com.google.gdt.eclipse.designer.WarmUpSupport.warmUpHostedMode(WarmUpSupport.java:125)
	at com.google.gdt.eclipse.designer.WarmUpSupport.warmUpHostedMode(WarmUpSupport.java:105)
	at com.google.gdt.eclipse.designer.WarmUpSupport.doWarmUp(WarmUpSupport.java:84)
	at com.google.gdt.eclipse.designer.Activator.earlyStartup(Activator.java:190)
	at org.eclipse.ui.internal.EarlyStartupRunnable.runEarlyStartup(EarlyStartupRunnable.java:87)
	at org.eclipse.ui.internal.EarlyStartupRunnable.run(EarlyStartupRunnable.java:73)
	at org.eclipse.core.runtime.SafeRunner.run(SafeRunner.java:42)
	at org.eclipse.ui.internal.Workbench$55.run(Workbench.java:2551)
	at org.eclipse.core.internal.jobs.Worker.run(Worker.java:53)
Translatable source found in...
Found 2719 cached/archived units.  Used 2719 / 2719 units from cache.
Compiling...
   Compilation completed in 0.00 seconds
Removing invalidated units
Finding entry point classes
Public resources found in...
   [WARN] Error processing classpath URL 'file:/C:/Program Files (x86)/eclipseC++/plugins/com.google.gdt.eclipse.designer.hosted.2_2_3.1.2.r43x201307151442/gwt-dev-designtime.jar'
java.net.URISyntaxException: Illegal character in path at index 16: file:/C:/Program Files (x86)/eclipseC++/plugins/com.google.gdt.eclipse.designer.hosted.2_2_3.1.2.r43x201307151442/gwt-dev-designtime.jar
	at java.net.URI$Parser.fail(Unknown Source)
	at java.net.URI$Parser.checkChars(Unknown Source)
	at java.net.URI$Parser.parseHierarchical(Unknown Source)
	at java.net.URI$Parser.parse(Unknown Source)
	at java.net.URI.<init>(Unknown Source)
	at java.net.URL.toURI(Unknown Source)
	at com.google.gwt.dev.resource.impl.ResourceOracleImpl.addAllClassPathEntries(ResourceOracleImpl.java:323)
	at com.google.gwt.dev.resource.impl.ResourceOracleImpl.getAllClassPathEntries(ResourceOracleImpl.java:358)
	at com.google.gwt.dev.resource.impl.ResourceOracleImpl.<init>(ResourceOracleImpl.java:402)
	at com.google.gwt.dev.cfg.ModuleDef.normalize(ModuleDef.java:545)
	at com.google.gwt.dev.cfg.ModuleDefLoader.doLoadModule(ModuleDefLoader.java:199)
	at com.google.gwt.dev.cfg.ModuleDefLoader.loadFromResources(ModuleDefLoader.java:169)
	at com.google.gwt.dev.cfg.ModuleDefLoader.loadFromClassPath(ModuleDefLoader.java:141)
	at com.google.gwt.dev.shell.designtime.HostedModeSupportImpl.loadModule(HostedModeSupportImpl.java:85)
	at com.google.gwt.dev.shell.designtime.HostedModeSupportImpl.createModuleSpaceHost(HostedModeSupportImpl.java:64)
	at sun.reflect.NativeMethodAccessorImpl.invoke0(Native Method)
	at sun.reflect.NativeMethodAccessorImpl.invoke(Unknown Source)
	at sun.reflect.DelegatingMethodAccessorImpl.invoke(Unknown Source)
	at java.lang.reflect.Method.invoke(Unknown Source)
	at org.eclipse.wb.internal.core.utils.reflect.ReflectionUtils.invokeMethod(ReflectionUtils.java:869)
	at com.google.gdt.eclipse.designer.hosted.tdt.HostedModeSupport.createModuleSpaceHost(HostedModeSupport.java:447)
	at sun.reflect.NativeMethodAccessorImpl.invoke0(Native Method)
	at sun.reflect.NativeMethodAccessorImpl.invoke(Unknown Source)
	at sun.reflect.DelegatingMethodAccessorImpl.invoke(Unknown Source)
	at java.lang.reflect.Method.invoke(Unknown Source)
	at org.eclipse.wb.internal.core.utils.reflect.ReflectionUtils.invokeMethod(ReflectionUtils.java:869)
	at com.google.gdt.eclipse.designer.WarmUpSupport.warmUpHostedMode(WarmUpSupport.java:125)
	at com.google.gdt.eclipse.designer.WarmUpSupport.warmUpHostedMode(WarmUpSupport.java:103)
	at com.google.gdt.eclipse.designer.WarmUpSupport.doWarmUp(WarmUpSupport.java:84)
	at com.google.gdt.eclipse.designer.Activator.earlyStartup(Activator.java:190)
	at org.eclipse.ui.internal.EarlyStartupRunnable.runEarlyStartup(EarlyStartupRunnable.java:87)
	at org.eclipse.ui.internal.EarlyStartupRunnable.run(EarlyStartupRunnable.java:73)
	at org.eclipse.core.runtime.SafeRunner.run(SafeRunner.java:42)
	at org.eclipse.ui.internal.Workbench$55.run(Workbench.java:2551)
	at org.eclipse.core.internal.jobs.Worker.run(Worker.java:53)
Translatable source found in...
Found 0 cached/archived units.  Used 0 / 2719 units from cache.
Compiling...
   10% complete (ETR: 38 seconds)
   10% complete (ETR: 38 seconds)
   20% complete (ETR: 27 seconds)
   30% complete (ETR: 19 seconds)
   40% complete (ETR: 14 seconds)
   50% complete (ETR: 11 seconds)
   60% complete (ETR: 8 seconds)
   70% complete (ETR: 6 seconds)
   80% complete (ETR: 4 seconds)
   90% complete (ETR: 2 seconds)
   100% complete (ETR: 0 seconds)
   Compilation completed in 23.04 seconds
Removing invalidated units
Finding entry point classes
Public resources found in...
   [WARN] Error processing classpath URL 'file:/C:/Program Files (x86)/eclipseC++/plugins/com.google.gdt.eclipse.designer.hosted.2_2_3.1.2.r43x201307151442/gwt-dev-designtime.jar'
java.net.URISyntaxException: Illegal character in path at index 16: file:/C:/Program Files (x86)/eclipseC++/plugins/com.google.gdt.eclipse.designer.hosted.2_2_3.1.2.r43x201307151442/gwt-dev-designtime.jar
	at java.net.URI$Parser.fail(Unknown Source)
	at java.net.URI$Parser.checkChars(Unknown Source)
	at java.net.URI$Parser.parseHierarchical(Unknown Source)
	at java.net.URI$Parser.parse(Unknown Source)
	at java.net.URI.<init>(Unknown Source)
	at java.net.URL.toURI(Unknown Source)
	at com.google.gwt.dev.resource.impl.ResourceOracleImpl.addAllClassPathEntries(ResourceOracleImpl.java:323)
	at com.google.gwt.dev.resource.impl.ResourceOracleImpl.getAllClassPathEntries(ResourceOracleImpl.java:358)
	at com.google.gwt.dev.resource.impl.ResourceOracleImpl.<init>(ResourceOracleImpl.java:402)
	at com.google.gwt.dev.cfg.ModuleDef.normalize(ModuleDef.java:545)
	at com.google.gwt.dev.cfg.ModuleDefLoader.doLoadModule(ModuleDefLoader.java:199)
	at com.google.gwt.dev.cfg.ModuleDefLoader.loadFromResources(ModuleDefLoader.java:169)
	at com.google.gwt.dev.cfg.ModuleDefLoader.loadFromClassPath(ModuleDefLoader.java:141)
	at com.google.gwt.dev.shell.designtime.HostedModeSupportImpl.loadModule(HostedModeSupportImpl.java:85)
	at com.google.gwt.dev.shell.designtime.HostedModeSupportImpl.createModuleSpaceHost(HostedModeSupportImpl.java:64)
	at sun.reflect.NativeMethodAccessorImpl.invoke0(Native Method)
	at sun.reflect.NativeMethodAccessorImpl.invoke(Unknown Source)
	at sun.reflect.DelegatingMethodAccessorImpl.invoke(Unknown Source)
	at java.lang.reflect.Method.invoke(Unknown Source)
	at org.eclipse.wb.internal.core.utils.reflect.ReflectionUtils.invokeMethod(ReflectionUtils.java:869)
	at com.google.gdt.eclipse.designer.hosted.tdt.HostedModeSupport.createModuleSpaceHost(HostedModeSupport.java:447)
	at sun.reflect.NativeMethodAccessorImpl.invoke0(Native Method)
	at sun.reflect.NativeMethodAccessorImpl.invoke(Unknown Source)
	at sun.reflect.DelegatingMethodAccessorImpl.invoke(Unknown Source)
	at java.lang.reflect.Method.invoke(Unknown Source)
	at org.eclipse.wb.internal.core.utils.reflect.ReflectionUtils.invokeMethod(ReflectionUtils.java:869)
	at com.google.gdt.eclipse.designer.WarmUpSupport.warmUpHostedMode(WarmUpSupport.java:125)
	at com.google.gdt.eclipse.designer.WarmUpSupport.warmUpHostedMode(WarmUpSupport.java:104)
	at com.google.gdt.eclipse.designer.WarmUpSupport.doWarmUp(WarmUpSupport.java:84)
	at com.google.gdt.eclipse.designer.Activator.earlyStartup(Activator.java:190)
	at org.eclipse.ui.internal.EarlyStartupRunnable.runEarlyStartup(EarlyStartupRunnable.java:87)
	at org.eclipse.ui.internal.EarlyStartupRunnable.run(EarlyStartupRunnable.java:73)
	at org.eclipse.core.runtime.SafeRunner.run(SafeRunner.java:42)
	at org.eclipse.ui.internal.Workbench$55.run(Workbench.java:2551)
	at org.eclipse.core.internal.jobs.Worker.run(Worker.java:53)
Translatable source found in...
Found 2719 cached/archived units.  Used 2719 / 2719 units from cache.
Compiling...
   Compilation completed in 0.00 seconds
Removing invalidated units
Finding entry point classes
Public resources found in...
   [WARN] Error processing classpath URL 'file:/C:/Program Files (x86)/eclipseC++/plugins/com.google.gdt.eclipse.designer.hosted.2_2_3.1.2.r43x201307151442/gwt-dev-designtime.jar'
java.net.URISyntaxException: Illegal character in path at index 16: file:/C:/Program Files (x86)/eclipseC++/plugins/com.google.gdt.eclipse.designer.hosted.2_2_3.1.2.r43x201307151442/gwt-dev-designtime.jar
	at java.net.URI$Parser.fail(Unknown Source)
	at java.net.URI$Parser.checkChars(Unknown Source)
	at java.net.URI$Parser.parseHierarchical(Unknown Source)
	at java.net.URI$Parser.parse(Unknown Source)
	at java.net.URI.<init>(Unknown Source)
	at java.net.URL.toURI(Unknown Source)
	at com.google.gwt.dev.resource.impl.ResourceOracleImpl.addAllClassPathEntries(ResourceOracleImpl.java:323)
	at com.google.gwt.dev.resource.impl.ResourceOracleImpl.getAllClassPathEntries(ResourceOracleImpl.java:358)
	at com.google.gwt.dev.resource.impl.ResourceOracleImpl.<init>(ResourceOracleImpl.java:402)
	at com.google.gwt.dev.cfg.ModuleDef.normalize(ModuleDef.java:545)
	at com.google.gwt.dev.cfg.ModuleDefLoader.doLoadModule(ModuleDefLoader.java:199)
	at com.google.gwt.dev.cfg.ModuleDefLoader.loadFromResources(ModuleDefLoader.java:169)
	at com.google.gwt.dev.cfg.ModuleDefLoader.loadFromClassPath(ModuleDefLoader.java:141)
	at com.google.gwt.dev.shell.designtime.HostedModeSupportImpl.loadModule(HostedModeSupportImpl.java:85)
	at com.google.gwt.dev.shell.designtime.HostedModeSupportImpl.createModuleSpaceHost(HostedModeSupportImpl.java:64)
	at sun.reflect.NativeMethodAccessorImpl.invoke0(Native Method)
	at sun.reflect.NativeMethodAccessorImpl.invoke(Unknown Source)
	at sun.reflect.DelegatingMethodAccessorImpl.invoke(Unknown Source)
	at java.lang.reflect.Method.invoke(Unknown Source)
	at org.eclipse.wb.internal.core.utils.reflect.ReflectionUtils.invokeMethod(ReflectionUtils.java:869)
	at com.google.gdt.eclipse.designer.hosted.tdt.HostedModeSupport.createModuleSpaceHost(HostedModeSupport.java:447)
	at sun.reflect.NativeMethodAccessorImpl.invoke0(Native Method)
	at sun.reflect.NativeMethodAccessorImpl.invoke(Unknown Source)
	at sun.reflect.DelegatingMethodAccessorImpl.invoke(Unknown Source)
	at java.lang.reflect.Method.invoke(Unknown Source)
	at org.eclipse.wb.internal.core.utils.reflect.ReflectionUtils.invokeMethod(ReflectionUtils.java:869)
	at com.google.gdt.eclipse.designer.WarmUpSupport.warmUpHostedMode(WarmUpSupport.java:125)
	at com.google.gdt.eclipse.designer.WarmUpSupport.warmUpHostedMode(WarmUpSupport.java:105)
	at com.google.gdt.eclipse.designer.WarmUpSupport.doWarmUp(WarmUpSupport.java:84)
	at com.google.gdt.eclipse.designer.Activator.earlyStartup(Activator.java:190)
	at org.eclipse.ui.internal.EarlyStartupRunnable.runEarlyStartup(EarlyStartupRunnable.java:87)
	at org.eclipse.ui.internal.EarlyStartupRunnable.run(EarlyStartupRunnable.java:73)
	at org.eclipse.core.runtime.SafeRunner.run(SafeRunner.java:42)
	at org.eclipse.ui.internal.Workbench$55.run(Workbench.java:2551)
	at org.eclipse.core.internal.jobs.Worker.run(Worker.java:53)
Translatable source found in...
Found 2719 cached/archived units.  Used 2719 / 2719 units from cache.
Compiling...
   Compilation completed in 0.00 seconds
Removing invalidated units
Finding entry point classes
Public resources found in...
Translatable source found in...
Found 0 cached/archived units.  Used 0 / 2719 units from cache.
Compiling...
   20% complete (ETR: 14 seconds)
   20% complete (ETR: 14 seconds)
   20% complete (ETR: 14 seconds)
   30% complete (ETR: 12 seconds)
   40% complete (ETR: 10 seconds)
   50% complete (ETR: 7 seconds)
   60% complete (ETR: 5 seconds)
   70% complete (ETR: 4 seconds)
   80% complete (ETR: 2 seconds)
   90% complete (ETR: 1 seconds)
   100% complete (ETR: 0 seconds)
   Compilation completed in 12.86 seconds
Removing invalidated units
Finding entry point classes
Public resources found in...
Translatable source found in...
Found 2719 cached/archived units.  Used 2719 / 2719 units from cache.
Compiling...
   Compilation completed in 0.00 seconds
Removing invalidated units
Finding entry point classes
Public resources found in...
Translatable source found in...
Found 2719 cached/archived units.  Used 2719 / 2719 units from cache.
Compiling...
   Compilation completed in 0.00 seconds
Removing invalidated units
Finding entry point classes
Public resources found in...
Translatable source found in...
Found 0 cached/archived units.  Used 0 / 2719 units from cache.
Compiling...
   20% complete (ETR: 12 seconds)
   20% complete (ETR: 12 seconds)
   20% complete (ETR: 12 seconds)
   30% complete (ETR: 12 seconds)
   40% complete (ETR: 9 seconds)
   50% complete (ETR: 7 seconds)
   60% complete (ETR: 5 seconds)
   70% complete (ETR: 3 seconds)
   80% complete (ETR: 2 seconds)
   90% complete (ETR: 1 seconds)
   100% complete (ETR: 0 seconds)
   Compilation completed in 15.76 seconds
Removing invalidated units
Finding entry point classes
Public resources found in...
Translatable source found in...
Found 2719 cached/archived units.  Used 2719 / 2719 units from cache.
Compiling...
   Compilation completed in 0.00 seconds
Removing invalidated units
Finding entry point classes
Public resources found in...
Translatable source found in...
Found 2719 cached/archived units.  Used 2719 / 2719 units from cache.
Compiling...
   Compilation completed in 0.00 seconds
Removing invalidated units
Finding entry point classes
Public resources found in...
Translatable source found in...
Found 0 cached/archived units.  Used 0 / 2719 units from cache.
Compiling...
   20% complete (ETR: 14 seconds)
   20% complete (ETR: 14 seconds)
   20% complete (ETR: 14 seconds)
   30% complete (ETR: 13 seconds)
   40% complete (ETR: 10 seconds)
   50% complete (ETR: 8 seconds)
   60% complete (ETR: 6 seconds)
   70% complete (ETR: 4 seconds)
   80% complete (ETR: 2 seconds)
   90% complete (ETR: 1 seconds)
   100% complete (ETR: 0 seconds)
   Compilation completed in 14.45 seconds
Removing invalidated units
Finding entry point classes
Public resources found in...
Translatable source found in...
Found 2719 cached/archived units.  Used 2719 / 2719 units from cache.
Compiling...
   Compilation completed in 0.00 seconds
Removing invalidated units
Finding entry point classes
Public resources found in...
Translatable source found in...
Found 2719 cached/archived units.  Used 2719 / 2719 units from cache.
Compiling...
   Compilation completed in 0.00 seconds
Removing invalidated units
Finding entry point classes
Public resources found in...
Translatable source found in...
Found 0 cached/archived units.  Used 0 / 2719 units from cache.
Compiling...
   20% complete (ETR: 14 seconds)
   20% complete (ETR: 13 seconds)
   20% complete (ETR: 13 seconds)
   30% complete (ETR: 12 seconds)
   40% complete (ETR: 10 seconds)
   50% complete (ETR: 7 seconds)
   60% complete (ETR: 5 seconds)
   70% complete (ETR: 4 seconds)
   80% complete (ETR: 2 seconds)
   90% complete (ETR: 1 seconds)
   100% complete (ETR: 0 seconds)
   Compilation completed in 12.48 seconds
Removing invalidated units
Public resources found in...
Translatable source found in...
Found 0 cached/archived units.  Used 0 / 2719 units from cache.
Compiling...
   20% complete (ETR: 12 seconds)
   20% complete (ETR: 12 seconds)
   20% complete (ETR: 12 seconds)
   30% complete (ETR: 12 seconds)
   40% complete (ETR: 9 seconds)
   50% complete (ETR: 7 seconds)
   60% complete (ETR: 5 seconds)
   70% complete (ETR: 3 seconds)
   80% complete (ETR: 2 seconds)
   90% complete (ETR: 1 seconds)
   100% complete (ETR: 0 seconds)
   Compilation completed in 12.50 seconds
Removing invalidated units
Finding entry point classes
Public resources found in...
Translatable source found in...
Found 2719 cached/archived units.  Used 2719 / 2719 units from cache.
Compiling...
   Compilation completed in 0.00 seconds
Removing invalidated units
Finding entry point classes
Public resources found in...
Translatable source found in...
Found 2719 cached/archived units.  Used 2719 / 2719 units from cache.
Compiling...
   Compilation completed in 0.00 seconds
Removing invalidated units
Finding entry point classes
Public resources found in...
Translatable source found in...
Found 0 cached/archived units.  Used 0 / 2719 units from cache.
Compiling...
   20% complete (ETR: 14 seconds)
   20% complete (ETR: 14 seconds)
   20% complete (ETR: 14 seconds)
   30% complete (ETR: 13 seconds)
   40% complete (ETR: 11 seconds)
   50% complete (ETR: 8 seconds)
   60% complete (ETR: 5 seconds)
   70% complete (ETR: 4 seconds)
   80% complete (ETR: 2 seconds)
   90% complete (ETR: 1 seconds)
   100% complete (ETR: 0 seconds)
   Compilation completed in 14.10 seconds
Removing invalidated units
Finding entry point classes
Public resources found in...
Translatable source found in...
Found 2719 cached/archived units.  Used 2719 / 2719 units from cache.
Compiling...
   Compilation completed in 0.00 seconds
Removing invalidated units
Finding entry point classes
Public resources found in...
Translatable source found in...
Found 2719 cached/archived units.  Used 2719 / 2719 units from cache.
Compiling...
   Compilation completed in 0.00 seconds
Removing invalidated units
Finding entry point classes
Public resources found in...
Translatable source found in...
Found 0 cached/archived units.  Used 0 / 2719 units from cache.
Compiling...
   30% complete (ETR: 10 seconds)
   30% complete (ETR: 10 seconds)
   30% complete (ETR: 10 seconds)
   30% complete (ETR: 10 seconds)
   40% complete (ETR: 8 seconds)
   50% complete (ETR: 7 seconds)
   60% complete (ETR: 5 seconds)
   70% complete (ETR: 3 seconds)
   80% complete (ETR: 2 seconds)
   90% complete (ETR: 1 seconds)
   100% complete (ETR: 0 seconds)
   Compilation completed in 12.71 seconds
Removing invalidated units
Finding entry point classes
Public resources found in...
Translatable source found in...
Found 2719 cached/archived units.  Used 2719 / 2719 units from cache.
Compiling...
   Compilation completed in 0.00 seconds
Removing invalidated units
Finding entry point classes
Public resources found in...
Translatable source found in...
Found 2719 cached/archived units.  Used 2719 / 2719 units from cache.
Compiling...
   Compilation completed in 0.00 seconds
Removing invalidated units
Finding entry point classes
Public resources found in...
Translatable source found in...
Found 0 cached/archived units.  Used 0 / 2719 units from cache.
Compiling...
   10% complete (ETR: 30 seconds)
   10% complete (ETR: 30 seconds)
   20% complete (ETR: 26 seconds)
   30% complete (ETR: 21 seconds)
   40% complete (ETR: 15 seconds)
   50% complete (ETR: 12 seconds)
   60% complete (ETR: 9 seconds)
   70% complete (ETR: 6 seconds)
   80% complete (ETR: 4 seconds)
   90% complete (ETR: 2 seconds)
   100% complete (ETR: 0 seconds)
   Compilation completed in 18.76 seconds
Removing invalidated units
Finding entry point classes
Public resources found in...
Translatable source found in...
Found 2719 cached/archived units.  Used 2719 / 2719 units from cache.
Compiling...
   Compilation completed in 0.00 seconds
Removing invalidated units
Finding entry point classes
Public resources found in...
Translatable source found in...
Found 2719 cached/archived units.  Used 2719 / 2719 units from cache.
Compiling...
   Compilation completed in 0.00 seconds
Removing invalidated units
Finding entry point classes
Public resources found in...
Translatable source found in...
Found 0 cached/archived units.  Used 0 / 2719 units from cache.
Compiling...
   20% complete (ETR: 12 seconds)
   20% complete (ETR: 12 seconds)
   20% complete (ETR: 12 seconds)
   30% complete (ETR: 12 seconds)
   40% complete (ETR: 9 seconds)
   50% complete (ETR: 7 seconds)
   60% complete (ETR: 5 seconds)
   70% complete (ETR: 3 seconds)
   80% complete (ETR: 2 seconds)
   90% complete (ETR: 1 seconds)
   100% complete (ETR: 0 seconds)
   Compilation completed in 12.75 seconds
Removing invalidated units
Finding entry point classes
Public resources found in...
Translatable source found in...
Found 2719 cached/archived units.  Used 2719 / 2719 units from cache.
Compiling...
   Compilation completed in 0.00 seconds
Removing invalidated units
Finding entry point classes
Public resources found in...
Translatable source found in...
Found 2719 cached/archived units.  Used 2719 / 2719 units from cache.
Compiling...
   Compilation completed in 0.00 seconds
Removing invalidated units
Finding entry point classes
Public resources found in...
Translatable source found in...
Found 0 cached/archived units.  Used 0 / 2719 units from cache.
Compiling...
   20% complete (ETR: 13 seconds)
   20% complete (ETR: 13 seconds)
   20% complete (ETR: 13 seconds)
   30% complete (ETR: 12 seconds)
   40% complete (ETR: 9 seconds)
   50% complete (ETR: 7 seconds)
   60% complete (ETR: 5 seconds)
   70% complete (ETR: 3 seconds)
   80% complete (ETR: 2 seconds)
   90% complete (ETR: 1 seconds)
   100% complete (ETR: 0 seconds)
   Compilation completed in 12.02 seconds
Removing invalidated units
Finding entry point classes
Public resources found in...
Translatable source found in...
Found 2719 cached/archived units.  Used 2719 / 2719 units from cache.
Compiling...
   Compilation completed in 0.00 seconds
Removing invalidated units
Finding entry point classes
Public resources found in...
Translatable source found in...
Found 2719 cached/archived units.  Used 2719 / 2719 units from cache.
Compiling...
   Compilation completed in 0.00 seconds
Removing invalidated units
Finding entry point classes
Public resources found in...
Translatable source found in...
Found 0 cached/archived units.  Used 0 / 2719 units from cache.
Compiling...
   30% complete (ETR: 11 seconds)
   30% complete (ETR: 11 seconds)
   30% complete (ETR: 11 seconds)
   30% complete (ETR: 11 seconds)
   40% complete (ETR: 8 seconds)
   50% complete (ETR: 7 seconds)
   60% complete (ETR: 5 seconds)
   70% complete (ETR: 3 seconds)
   80% complete (ETR: 2 seconds)
   90% complete (ETR: 1 seconds)
   100% complete (ETR: 0 seconds)
   Compilation completed in 13.31 seconds
Removing invalidated units
Finding entry point classes
Public resources found in...
Translatable source found in...
Found 2719 cached/archived units.  Used 2719 / 2719 units from cache.
Compiling...
   Compilation completed in 0.00 seconds
Removing invalidated units
Finding entry point classes
Public resources found in...
Translatable source found in...
Found 2719 cached/archived units.  Used 2719 / 2719 units from cache.
Compiling...
   Compilation completed in 0.00 seconds
Removing invalidated units
Finding entry point classes
